11100
a
98 62
99 63
98 63
99 62
92 49
93 50
92 50
93 49
81 44
82 45
81 45
82 44
75 38
76 39
75 39
76 38
79 35
80 36
79 36
80 35
72 36
73 37
72 37
73 36
72 36
71 37
72 37
71 36
71 35
72 36
71 36
72 35
66 38
67 39
66 39
67 40
68 40
67 39
68 39
67 40
66 40
67 39
66 39
67 38
66 38
65 39
66 39
65 38
65 39
66 40
65 40
66 39
65 39
64 40
65 40
64 39
58 43
59 44
58 44
59 43
57 31
58 32
57 32
58 31
61 40
62 41
61 41
62 40
57 44
58 45
57 45
58 44
47 38
48 39
47 39
48 38
45 44
46 45
45 45
46 44
46 45
47 46
48 46
47 45
48 45
47 46
46 46
47 45
46 45
45 46
44 46
45 45
44 45
45 46
46 46
45 45
45 46
46 47
45 47
46 46
47 46
46 47
47 47
46 46
47 46
48 47
47 47
48 48
47 48
48 47
47 47
48 46
52 45
53 46
52 46
53 45
50 51
51 52
50 52
51 51
48 60
49 61
48 61
49 60
66 84
67 85
66 85
67 84
70 97
71 98
70 98
71 97
65 93
66 94
65 94
66 93
66 87
67 88
66 88
67 87
37 94
38 95
37 95
38 96
37 96
38 95
37 95
38 94
37 94
36 95
37 95
36 94
36 93
37 94
36 94
37 93
4 53
5 54
4 54
5 53
12 59
13 60
12 60
13 59
17 64
18 65
17 65
18 64
18 65
17 66
18 66
17 65
18 65
19 66
18 66
19 65
26 61
27 62
26 62
27 61
38 56
39 57
38 57
39 56
51 63
52 64
51 64
52 63
37 76
38 77
37 77
38 76
38 69
39 70
38 70
39 69
40 64
41 65
40 65
41 64
32 62
33 63
32 63
33 62
27 63
28 64
27 64
28 63
30 56
31 57
30 57
31 56
28 60
27 61
28 61
27 60
28 60
29 61
28 61
29 60
39 54
40 55
39 55
40 54
49 61
50 62
49 62
50 61
51 61
50 62
51 62
50 63
51 63
50 62
51 62
50 61
78 58
79 59
78 59
79 58
71 58
72 59
71 59
72 58
66 61
65 60
64 60
65 61
64 61
65 60
66 60
65 61
66 61
67 60
66 60
67 61
66 61
67 62
66 62
67 61
66 61
65 62
66 62
65 63
66 63
65 62
66 62
65 61
64 61
65 62
64 62
65 61
65 62
64 63
65 63
64 62
58 71
59 72
58 72
59 71
52 65
53 64
52 64
53 65
52 65
53 66
52 66
53 65
52 65
51 66
52 66
51 65
33 87
34 88
33 88
34 87
33 92
34 93
33 93
34 92
16 42
17 43
16 43
17 42
25 37
26 38
25 38
26 37
31 34
32 35
33 35
32 36
31 36
32 35
31 35
32 36
33 36
32 37
33 37
32 36
33 36
32 35
33 35
32 34
33 34
32 33
33 33
34 34
35 34
36 35
35 35
36 36
37 36
36 37
35 37
36 38
37 38
38 37
37 37
38 36
39 36
38 37
39 37
40 38
39 38
40 37
39 37
38 38
39 38
38 39
39 39
38 40
39 40
38 39
39 39
38 38
39 38
38 37
39 37
38 36
37 36
38 37
37 37
38 38
37 38
36 39
37 39
36 40
37 40
36 39
37 39
36 38
37 38
36 37
37 37
36 38
35 38
36 37
35 37
34 38
35 38
34 37
35 37
34 36
35 36
34 37
35 37
36 36
35 36
36 37
37 37
36 36
37 36
36 35
37 35
36 36
35 36
36 35
35 35
36 34
35 34
34 35
33 35
34 34
33 34
34 35
35 35
34 34
35 34
34 33
35 33
34 34
33 34
34 33
33 33
34 32
33 32
34 33
33 33
32 32
33 32
32 33
33 33
32 34
33 34
32 35
31 35
32 34
32 33
31 34
32 34
31 33
31 32
32 33
31 33
32 32
32 31
31 32
32 32
31 31
20 23
21 24
20 24
21 23
21 22
20 23
21 23
20 22
5 21
6 22
5 22
6 21
10 13
11 14
10 14
11 13
3 14
4 15
3 15
4 14
2 20
3 21
2 21
3 20
56 9
57 10
56 10
57 9
63 16
64 17
63 17
64 18
65 18
64 17
65 17
64 18
63 18
62 19
63 19
62 18
63 18
64 19
63 19
64 18
63 18
64 17
63 17
64 16
65 16
66 15
65 15
66 16
65 16
66 17
65 17
66 16
65 16
64 17
65 17
64 16
64 15
65 16
64 16
65 15
68 11
69 12
68 12
69 11
97 20
98 21
97 21
98 20
91 26
92 27
91 27
92 26
91 26
90 25
89 25
90 26
89 26
90 25
91 25
90 26
91 26
90 27
91 27
90 26
89 26
90 27
89 27
90 28
89 28
90 27
89 27
90 26
89 26
88 27
89 27
88 26
88 27
89 28
88 28
89 27
88 27
87 28
88 28
87 29
88 29
87 28
88 28
87 27
86 27
87 26
86 26
87 27
86 27
87 28
86 28
87 27
87 28
86 29
87 29
86 28
85 28
86 29
85 29
86 28
86 29
85 30
86 30
85 29
84 29
85 30
84 30
85 29
84 29
83 30
84 30
83 29
82 29
83 30
82 30
83 29
83 30
82 31
83 31
82 32
81 32
82 31
81 31
82 32
83 32
82 31
83 31
82 30
81 30
82 31
81 31
82 30
81 30
80 31
81 31
80 30
80 31
81 32
80 32
81 31
80 31
79 32
80 32
79 33
80 33
79 32
80 32
79 31
78 31
79 32
78 32
79 31
79 32
78 33
79 33
78 34
77 34
78 33
77 33
78 34
79 34
78 33
79 33
78 32
77 32
78 33
77 33
78 32
77 32
76 33
77 33
76 32
76 33
77 34
76 34
77 35
76 35
77 34
76 34
77 33
76 33
75 34
76 34
75 33
75 34
76 35
75 35
76 34
75 34
74 35
75 35
74 36
75 36
74 35
75 35
74 34
73 34
74 35
73 35
74 34
74 35
73 36
74 36
73 35
69 37
70 36
69 36
70 37
69 37
70 38
69 38
70 39
69 39
70 38
69 38
70 37
69 37
68 38
69 38
68 37
68 38
69 39
68 39
69 38
60 42
61 43
60 43
61 42
56 45
57 46
56 46
57 45
58 57
59 58
60 58
61 59
62 59
61 60
62 60
61 59
62 59
61 58
62 58
61 59
60 59
61 58
60 58
59 59
60 59
59 58
60 58
59 57
60 57
59 58
58 58
59 57
55 50
56 51
55 51
56 50
55 50
54 51
55 51
54 50
54 49
53 50
54 50
53 49
54 49
55 50
54 50
55 49
59 47
60 48
59 48
60 47
52 48
53 49
52 49
53 48
49 52
50 53
49 53
50 52
49 59
50 60
49 60
50 59
48 88
49 89
48 89
49 88
41 82
42 83
41 83
42 82
36 78
35 77
36 77
35 76
36 76
35 75
36 75
35 74
36 74
37 75
36 75
37 76
36 76
37 75
36 75
37 74
36 74
37 73
36 73
37 74
36 74
35 73
36 73
35 72
36 72
37 71
36 71
37 70
36 70
37 71
36 71
37 72
36 72
35 71
36 71
35 72
36 72
35 73
36 73
35 74
36 74
35 75
36 75
35 76
36 76
35 77
36 77
35 78
36 78
37 77
36 77
37 78
36 78
37 79
36 79
37 78
35 98
36 99
35 99
36 98
21 80
22 81
21 81
22 80
28 81
29 82
28 82
29 81
35 81
36 82
35 82
36 83
37 83
36 84
37 84
38 85
37 85
38 86
37 86
38 87
37 87
38 86
37 86
38 85
37 85
38 84
37 84
36 85
37 85
36 84
37 84
36 83
37 83
36 82
37 82
36 83
35 83
36 82
35 82
36 81
35 32
36 33
35 33
36 32
37 40
38 41
37 41
38 40
41 45
42 46
41 46
42 45
36 49
37 50
36 50
37 49
41 50
42 51
43 51
42 52
41 52
42 53
43 53
44 52
43 52
44 53
43 53
42 52
43 52
42 53
41 53
42 52
41 52
42 51
41 51
42 52
43 52
42 51
43 51
44 52
45 52
44 51
45 51
44 52
43 52
44 51
43 51
44 50
43 50
44 51
43 51
42 50
43 50
42 51
41 51
42 50
25 29
26 28
25 28
24 27
23 27
22 26
23 26
22 25
23 25
24 24
23 24
24 25
23 25
22 24
21 24
22 25
21 25
22 24
23 24
22 23
23 23
22 24
23 24
22 25
23 25
22 26
23 26
22 27
23 27
24 26
25 26
26 27
25 27
26 26
25 26
24 25
25 25
24 26
25 26
24 27
25 27
24 26
23 26
24 27
23 27
24 28
23 28
24 27
25 27
24 28
25 28
26 27
25 27
26 28
25 28
26 29
25 29
26 30
25 30
26 29
25 29
24 30
25 30
24 29
24 28
25 29
24 29
25 28
24 28
23 29
24 29
23 28
22 28
23 29
22 29
23 28
23 27
22 28
23 28
22 27
21 27
22 28
21 28
22 27
22 26
21 27
22 27
21 26
21 25
22 26
21 26
22 25
21 25
20 26
21 26
20 25
14 24
15 25
14 25
15 24
18 24
19 25
18 25
19 24
15 19
16 20
15 20
16 19
18 22
19 23
18 23
19 22
17 18
18 19
17 19
18 18
66 12
67 13
68 13
67 12
68 12
67 13
66 13
67 14
66 14
67 15
66 15
67 14
66 14
67 13
66 13
67 12
67 10
68 11
67 11
68 10
82 4
83 5
82 5
83 4
75 1
74 0
75 0
74 1
75 1
76 0
75 0
76 1
75 1
76 2
75 2
76 1
75 1
74 2
75 2
74 1
74 2
75 3
74 3
75 2
74 2
73 3
74 3
73 2
73 3
74 4
73 4
74 5
73 5
74 4
73 4
74 3
73 3
72 4
73 4
72 3
72 4
73 5
72 5
73 4
73 5
72 6
73 6
72 7
73 7
72 6
73 6
72 5
71 5
72 6
71 6
72 5
72 6
71 7
72 7
71 8
72 8
71 7
72 7
71 6
70 6
71 7
70 7
71 6
71 7
70 8
71 8
70 9
71 9
70 8
71 8
70 7
69 7
70 8
69 8
70 7
70 8
69 9
70 9
69 8
69 9
70 10
69 10
70 11
69 11
70 10
69 10
70 9
69 9
68 10
69 10
68 9
b
57 34
58 35
57 35
58 34
67 4
68 5
67 5
68 4
65 2
66 3
65 3
66 2
80 9
81 10
80 10
81 9
89 13
90 14
89 14
90 13
82 11
83 12
82 12
83 11
97 0
98 1
97 1
98 0
97 13
98 14
97 14
98 13
91 16
92 17
91 17
92 16
94 21
95 22
94 22
95 21
91 27
92 28
91 28
92 27
99 31
100 32
99 32
100 31
96 39
97 40
96 40
97 39
91 39
92 40
91 40
92 39
92 40
91 41
92 41
91 40
88 42
89 43
88 43
89 42
75 43
76 44
75 44
76 43
79 39
80 40
81 40
80 41
81 41
80 40
81 40
80 39
81 39
80 40
79 40
80 39
75 40
76 41
75 41
76 40
67 50
66 51
65 51
66 52
67 52
66 53
67 53
66 54
67 54
66 53
67 53
66 52
67 52
66 51
67 51
66 52
65 52
66 51
65 51
66 50
65 50
66 51
67 51
66 50
67 50
68 51
67 51
68 50
68 51
69 52
68 52
69 53
70 53
69 52
70 52
69 53
68 53
69 52
68 52
69 51
68 51
67 52
68 52
67 51
67 52
68 53
67 53
68 52
68 53
67 54
68 54
67 53
68 53
69 54
68 54
69 55
68 55
69 54
68 54
69 53
70 53
69 54
70 54
69 53
72 54
73 55
72 55
73 54
80 53
81 54
80 54
81 53
76 53
77 54
76 54
77 53
76 53
75 54
76 54
75 53
75 54
76 55
75 55
76 54
69 65
70 66
69 66
70 65
70 68
71 69
70 69
71 68
45 80
46 81
45 81
46 80
51 73
52 74
51 74
52 73
56 75
57 76
56 76
57 75
48 68
49 69
48 69
49 70
48 70
49 69
48 69
49 68
51 64
52 65
51 65
52 64
51 56
52 57
51 57
52 56
48 59
49 60
48 60
49 59
49 62
50 63
49 63
50 62
45 62
46 61
45 61
46 60
45 60
46 61
45 61
46 62
45 62
46 63
45 63
46 62
45 62
44 63
45 63
44 62
44 61
45 62
44 62
45 61
41 59
42 60
41 60
42 59
41 59
40 58
39 58
40 59
39 59
40 58
41 58
40 59
41 59
40 60
41 60
40 59
39 59
40 60
39 60
40 59
39 59
38 60
39 60
38 59
37 59
38 60
37 60
38 59
34 60
35 61
34 61
35 60
36 63
37 64
36 64
37 63
30 55
31 56
30 56
31 55
56 33
57 34
56 34
57 33
c
94 66
95 67
94 67
95 66
99 53
100 54
99 54
100 53
94 42
95 43
94 43
95 42
73 52
74 53
73 53
74 52
76 39
77 40
76 40
77 39
85 45
86 46
85 46
86 45
76 48
77 49
76 49
77 48
61 43
62 44
61 44
62 43
57 37
58 38
57 38
58 37
47 37
48 38
47 38
48 37
36 56
37 55
36 55
37 56
36 56
37 57
36 57
37 56
37 57
36 58
37 58
36 57
35 57
36 58
35 58
36 57
36 58
35 59
36 59
35 58
32 64
33 65
32 65
33 64
45 74
46 75
45 75
46 74
44 66
45 67
44 67
45 66
37 67
38 68
37 68
38 69
37 69
38 68
37 68
38 67
33 63
34 64
33 64
34 63
27 68
28 69
27 69
28 68
30 68
31 69
30 69
31 68
0 55
1 56
0 56
1 55
46 0
47 1
46 1
47 0
55 9
56 10
55 10
56 9
64 10
65 11
64 11
65 10
66 23
67 24
66 24
67 23
73 23
74 24
73 24
74 23
61 33
62 34
61 34
62 33
54 34
55 35
54 35
55 34
48 36
49 37
48 37
49 36
42 56
43 57
42 57
43 56
38 54
37 53
38 53
37 54
38 54
39 53
38 53
39 52
38 52
39 51
40 51
41 52
40 52
41 51
40 51
41 50
40 50
41 49
42 49
41 48
42 48
41 49
42 49
41 50
42 50
41 49
40 49
41 50
40 50
41 51
40 51
39 50
40 50
39 51
40 51
39 52
40 52
39 53
40 53
39 52
40 52
39 51
38 51
39 52
38 52
39 53
38 53
39 54
38 54
39 55
38 55
39 54
38 54
37 55
38 55
37 54
34 59
35 60
34 60
35 59
31 66
32 67
31 67
32 66
1 54
2 55
1 55
2 54
d
11 96
12 97
11 97
12 96
20 93
21 94
20 94
21 93
22 95
23 96
22 96
23 95
32 94
33 95
32 95
33 94
38 94
39 95
38 95
39 94
49 93
50 94
49 94
50 93
49 86
50 87
49 87
50 86
54 92
55 93
54 93
55 92
53 85
54 86
53 86
54 85
49 72
50 73
49 73
50 72
43 72
44 73
43 73
44 74
43 74
44 73
43 73
44 72
46 71
47 72
46 72
47 73
46 73
47 72
46 72
47 71
48 71
47 72
48 72
47 71
47 70
48 71
47 71
48 70
49 70
48 71
49 71
48 70
49 70
50 71
49 71
50 70
50 69
51 70
50 70
51 69
50 69
49 70
50 70
49 69
49 68
50 69
49 69
50 68
51 68
50 69
51 69
50 68
51 68
52 69
53 69
52 68
53 68
52 69
51 69
52 68
52 67
51 68
52 68
51 67
52 67
53 68
54 68
53 67
54 67
53 68
52 68
53 67
53 66
52 67
53 67
52 66
53 66
54 67
55 67
56 66
55 66
56 67
55 67
54 66
55 66
54 67
53 67
54 66
54 65
53 66
54 66
53 65
54 65
55 66
54 66
55 65
56 65
55 64
56 64
55 65
56 65
55 66
56 66
55 65
56 65
57 66
56 66
57 65
57 64
58 65
57 65
58 64
58 62
59 63
60 63
59 64
60 64
59 63
60 63
59 62
60 62
61 63
60 63
61 62
60 62
61 61
62 61
63 62
62 62
63 61
62 61
61 60
62 60
61 61
62 61
61 62
62 62
61 61
60 61
61 62
60 62
59 61
60 61
59 62
60 62
59 63
58 63
59 62
56 63
57 64
56 64
57 63
62 69
63 70
62 70
63 69
84 63
85 64
84 64
85 63
85 62
84 63
85 63
84 62
84 61
85 62
84 62
85 61
84 44
85 45
84 45
85 44
86 44
85 45
86 45
85 44
86 44
87 45
86 45
87 44
87 43
86 44
87 44
86 43
87 43
88 42
87 42
88 43
87 43
88 44
87 44
88 43
92 40
93 39
92 39
93 40
92 40
93 41
92 41
93 40
90 42
91 41
90 41
91 42
90 42
91 43
90 43
91 42
90 42
89 43
90 43
89 42
89 41
90 42
89 42
90 41
89 41
88 42
89 42
88 41
75 39
76 40
75 40
76 39
74 45
75 46
74 46
75 45
74 51
75 52
74 52
75 51
75 52
74 53
75 53
74 52
74 53
75 54
74 54
75 53
74 53
73 54
74 54
73 53
72 53
73 54
72 54
73 53
68 57
69 58
68 58
69 57
64 47
65 48
64 48
65 47
68 55
69 56
68 56
69 55
70 55
69 56
70 56
69 57
70 57
69 56
70 56
69 55
70 55
71 56
72 56
71 55
72 55
71 56
70 56
71 55
71 54
70 55
71 55
70 54
71 54
72 55
71 55
72 54
85 50
86 51
85 51
86 50
82 47
83 48
82 48
83 47
83 46
84 47
85 47
84 46
85 46
84 47
83 47
84 46
83 46
82 47
83 47
82 46
81 46
82 47
81 47
82 46
81 46
80 47
81 47
80 48
79 48
80 47
79 47
80 48
81 48
80 47
81 47
80 46
79 46
78 45
79 45
78 46
79 46
80 45
79 45
80 44
79 44
78 43
79 43
78 42
79 42
80 41
79 41
80 42
79 42
78 41
79 41
78 40
79 40
78 39
79 39
78 40
79 40
78 41
79 41
78 42
79 42
78 43
79 43
78 44
79 44
80 43
79 43
80 44
79 44
80 45
79 45
80 46
79 46
80 47
79 47
80 46
79 46
78 47
79 47
78 46
77 46
78 47
77 47
78 46
78 45
77 46
78 46
77 45
77 44
76 45
77 45
76 44
77 44
78 45
77 45
78 44
78 43
77 44
78 44
77 43
77 42
76 41
77 41
76 40
77 40
76 41
77 41
76 42
77 42
76 43
77 43
76 42
77 42
78 43
77 43
78 42
78 41
77 42
78 42
77 41
77 40
78 41
77 41
78 40
78 39
77 40
78 40
77 39
77 38
76 39
77 39
76 38
77 38
78 39
77 39
78 38
78 37
77 38
78 38
77 37
77 36
78 37
77 37
78 36
78 35
77 34
78 34
77 35
78 35
77 36
78 36
77 35
76 35
77 36
76 36
77 35
76 35
75 36
76 36
75 35
75 36
76 37
75 37
76 38
75 38
76 37
75 37
76 36
75 36
74 37
75 37
74 36
e
36 11
37 12
36 12
37 11
26 15
27 16
26 16
27 15
23 7
24 8
23 8
24 7
18 6
19 7
18 7
19 6
15 10
16 11
15 11
16 10
19 8
20 9
19 9
20 8
4 1
5 2
4 2
5 1
0 11
1 12
0 12
1 11
1 12
2 13
3 13
2 14
3 14
2 15
1 15
2 14
1 14
2 15
3 15
4 16
3 16
2 17
3 17
4 18
5 18
4 17
5 17
4 16
5 16
4 17
5 17
4 18
3 18
4 17
3 17
2 18
3 18
2 17
3 17
2 16
3 16
4 17
3 17
4 16
3 16
4 15
3 15
2 16
3 16
2 15
3 15
2 14
3 14
2 13
3 13
2 12
3 12
2 13
1 13
2 12
1 12
0 13
1 13
0 12
0 13
1 14
0 14
1 13
1 14
0 15
1 15
0 14
0 15
1 16
0 16
1 15
1 16
0 17
1 17
0 16
1 16
2 17
1 17
2 16
2 17
1 18
2 18
1 17
1 18
2 19
1 19
2 18
3 18
2 19
3 19
2 20
3 20
2 19
3 19
2 18
3 18
4 19
3 19
4 18
5 18
6 19
5 19
6 20
5 20
6 19
5 19
6 18
5 18
4 19
5 19
4 18
4 19
5 20
4 20
5 19
5 20
4 21
5 21
4 22
5 22
4 21
5 21
4 20
5 20
6 21
5 21
6 20
7 20
6 21
7 21
6 20
6 21
7 22
6 22
7 21
7 22
6 23
5 23
6 22
5 22
6 23
7 23
6 22
6 23
7 24
6 24
7 23
7 24
6 25
7 25
6 24
6 25
5 26
6 26
5 25
6 25
7 26
6 26
7 25
7 26
6 27
7 27
6 26
6 27
7 28
6 28
7 27
8 27
7 28
8 28
7 29
8 29
7 30
8 30
7 29
8 29
7 28
8 28
7 27
31 26
32 27
31 27
32 26
20 26
21 27
20 27
21 26
19 35
20 36
19 36
20 35
13 40
14 41
13 41
14 40
14 41
13 42
14 42
13 41
15 44
16 45
15 45
16 44
12 45
13 46
12 46
13 45
16 46
17 47
16 47
17 46
19 48
20 49
19 49
20 48
26 47
27 48
26 48
27 47
29 48
30 49
29 49
30 48
35 52
36 53
35 53
36 52
30 53
31 54
30 54
31 53
39 47
40 48
39 48
40 47
37 42
38 43
37 43
38 42
36 40
37 41
36 41
37 40
31 38
32 39
31 39
32 38
34 40
35 41
34 41
35 42
34 42
35 41
34 41
35 40
44 38
45 39
44 39
45 38
39 35
40 36
39 36
40 37
39 37
40 36
39 36
40 35
35 39
36 40
35 40
36 39
51 32
52 33
51 33
52 32
49 30
48 29
49 29
48 28
49 28
48 29
49 29
48 30
49 30
48 31
47 31
48 30
47 30
48 31
49 31
48 32
49 32
48 31
49 31
48 30
49 30
50 31
49 31
50 30
50 29
49 30
50 30
49 29
49 28
50 29
49 29
50 28
50 27
51 28
50 28
51 27
50 27
49 28
50 28
49 27
49 26
50 27
49 27
50 26
50 25
49 26
50 26
49 25
50 25
51 26
50 26
51 25
51 24
50 25
51 25
50 24
51 24
52 25
51 25
52 24
53 25
54 26
53 26
54 25
f
18 40
19 41
18 41
19 40
12 39
11 38
12 38
11 37
12 37
13 38
12 38
13 37
12 37
13 36
12 36
13 37
12 37
11 36
12 36
11 35
12 35
11 34
12 34
11 33
12 33
11 32
12 32
11 33
12 33
11 34
12 34
11 35
12 35
11 36
12 36
11 37
12 37
11 38
12 38
11 39
12 39
13 38
12 38
13 39
12 39
13 40
12 40
13 39
12 39
11 40
12 40
11 39
11 40
12 41
11 41
12 40
12 41
11 42
12 42
11 41
11 42
12 43
11 43
12 42
9 45
8 46
7 46
8 47
9 47
8 48
7 48
8 49
9 49
8 48
9 48
8 49
7 49
8 48
7 48
8 47
7 47
8 48
9 48
8 47
9 47
8 46
9 46
8 47
7 47
8 46
7 46
8 45
7 45
8 46
9 46
8 45
9 45
10 46
9 46
10 45
10 46
11 47
10 47
11 48
12 48
11 47
12 47
11 48
10 48
11 49
10 49
11 50
10 50
11 49
10 49
11 48
10 48
11 47
10 47
11 46
10 46
9 47
10 47
9 46
9 47
10 48
9 48
10 47
10 48
9 49
10 49
9 48
9 49
10 50
9 50
10 49
10 50
9 51
10 51
9 50
9 51
10 52
9 52
10 51
10 52
9 53
10 53
9 52
10 52
11 53
12 53
11 52
12 52
11 51
12 51
13 50
14 50
13 51
14 51
13 52
12 52
13 53
12 53
13 54
14 54
13 53
14 53
13 54
12 54
13 53
12 53
13 52
12 52
13 51
12 51
13 52
14 52
13 51
14 51
13 50
12 50
13 49
12 49
13 50
12 50
13 51
12 51
11 50
12 50
11 51
12 51
11 52
12 52
11 53
10 53
11 52
11 53
10 54
11 54
10 53
11 53
12 54
11 54
12 53
12 54
11 55
12 55
11 54
8 61
9 62
8 62
9 61
8 57
9 58
8 58
9 57
9 56
8 55
7 55
8 56
7 56
8 55
9 55
8 56
9 56
8 57
9 57
8 56
9 56
10 57
9 57
10 56
12 55
13 56
12 56
13 55
14 55
15 54
16 54
15 53
16 53
15 54
16 54
15 55
16 55
17 56
16 56
15 57
16 57
17 58
16 58
17 57
16 57
15 58
16 58
15 57
16 57
15 56
16 56
17 57
16 57
17 56
16 56
17 55
16 55
15 56
16 56
15 55
16 55
15 54
14 54
15 55
14 55
15 56
14 56
15 55
14 55
13 56
14 56
13 55
13 56
14 57
13 57
14 56
14 57
13 58
14 58
13 57
14 57
15 58
14 58
15 57
15 58
14 59
15 59
14 58
15 58
16 59
15 59
16 58
17 58
18 59
19 59
18 58
19 58
18 59
17 59
18 58
17 58
16 59
17 59
16 58
16 59
17 60
16 60
17 59
18 59
17 60
18 60
17 59
18 59
19 60
18 60
19 59
19 60
18 61
19 61
18 60
19 60
20 61
19 61
20 60
20 61
19 62
20 62
19 61
19 62
18 63
17 63
18 64
19 64
18 65
19 65
18 64
19 64
18 63
19 63
18 64
17 64
18 63
17 63
18 62
17 62
16 61
17 61
16 62
17 62
18 61
17 61
18 62
17 62
18 63
19 63
18 62
19 62
20 63
21 63
22 64
21 64
20 65
21 65
22 66
23 66
24 67
23 67
24 66
23 66
22 67
23 67
22 66
23 66
22 65
23 65
22 64
23 64
22 65
23 65
22 66
21 66
22 65
21 65
20 66
21 66
20 65
21 65
20 64
21 64
22 65
21 65
22 64
21 64
22 63
21 63
20 64
21 64
20 63
21 63
20 62
21 62
20 63
19 63
20 62
20 63
19 64
20 64
19 63
19 64
20 65
19 65
20 64
20 65
19 66
20 66
19 65
19 66
20 67
19 67
20 66
21 66
20 67
21 67
20 66
21 66
22 67
21 67
22 66
22 67
21 68
22 68
21 67
22 67
23 68
22 68
23 69
22 69
23 68
22 68
23 67
24 67
23 68
24 68
23 67
25 65
26 66
25 66
26 65
24 70
25 71
26 71
25 70
26 70
25 71
24 71
25 70
22 72
23 73
22 73
23 74
22 74
23 73
22 73
23 72
22 72
21 73
22 73
21 72
15 73
16 74
15 74
16 73
20 73
21 74
20 74
21 73
7 73
6 72
7 72
6 73
7 73
6 74
7 74
6 73
7 73
8 74
7 74
8 73
8 72
7 73
8 73
7 72
7 71
8 72
7 72
8 71
5 65
6 66
5 66
6 65
7 62
8 63
7 63
8 62
15 60
16 61
15 61
16 60
23 58
24 59
25 59
24 58
25 58
24 59
23 59
24 58
24 59
23 60
24 60
23 59
24 59
25 60
24 60
25 59
26 59
27 60
26 60
27 61
26 61
27 60
26 60
27 59
26 59
25 60
26 60
25 59
25 60
26 61
25 61
26 60
26 61
25 62
24 62
25 61
24 61
25 62
26 62
25 61
24 64
25 65
24 65
25 64
26 71
27 72
26 72
27 71
21 74
22 75
21 75
22 74
24 73
25 74
24 74
25 73
22 79
23 80
22 80
23 79
23 80
22 81
23 81
22 80
22 81
23 82
22 82
23 83
22 83
23 84
22 84
23 85
22 85
23 86
22 86
23 85
22 85
23 84
22 84
23 83
22 83
23 82
22 82
23 81
22 81
21 82
20 82
19 83
20 83
21 84
20 84
21 85
20 85
21 84
20 84
21 83
20 83
19 84
20 84
19 83
20 83
19 82
20 82
21 83
20 83
21 82
20 82
21 81
20 81
21 82
22 82
21 81
21 82
22 83
21 83
22 82
22 83
21 84
22 84
21 83
21 84
22 85
21 85
22 84
22 85
21 86
22 86
21 85
21 86
22 87
21 87
20 88
19 88
20 87
19 87
20 88
21 88
22 89
21 89
22 90
21 90
22 89
21 89
22 88
21 88
20 89
21 89
20 88
21 88
20 87
21 87
22 88
21 88
22 87
21 87
22 86
21 86
20 87
21 87
20 86
19 86
20 85
19 85
20 86
19 86
20 87
19 87
20 86
19 86
18 87
19 87
18 86
18 87
19 88
18 88
19 87
15 89
16 90
15 90
16 89
18 89
19 90
18 90
19 91
18 91
19 90
18 90
19 89
20 89
19 90
20 90
19 89
26 83
27 84
26 84
27 83
29 81
30 80
29 80
28 79
29 79
28 78
27 78
28 77
27 77
26 76
27 76
28 75
27 75
28 76
27 76
26 75
25 75
26 74
25 74
26 75
25 75
26 76
25 76
26 75
27 75
26 76
27 76
26 77
27 77
28 76
29 76
28 77
29 77
30 78
29 78
30 79
31 79
30 80
31 80
32 81
33 81
34 82
33 82
32 83
33 83
32 82
33 82
34 83
35 83
34 82
35 82
34 83
33 83
34 82
33 82
34 81
33 81
32 82
31 82
32 81
31 81
32 82
33 82
32 81
33 81
32 80
33 80
32 79
33 79
32 80
33 80
32 81
31 81
32 80
31 80
30 81
31 81
30 80
31 80
30 79
31 79
32 80
31 80
32 79
31 79
32 78
31 78
32 79
31 79
30 78
31 78
30 79
29 79
30 78
29 78
30 77
29 77
28 78
29 78
28 77
29 77
28 76
27 76
28 77
27 77
28 78
27 78
28 79
27 79
28 78
29 78
28 79
29 79
28 80
29 80
30 79
29 79
30 80
29 80
30 81
29 81
30 82
29 82
30 81
31 81
30 82
31 82
30 81
30 82
31 83
30 83
31 82
32 82
31 83
32 83
31 82
31 83
32 84
31 84
32 85
31 85
32 84
31 84
32 83
33 83
32 84
33 84
32 83
33 83
34 84
33 84
34 83
34 84
33 85
34 85
33 84
33 85
34 86
33 86
34 85
34 86
33 87
34 87
33 86
34 86
35 87
36 87
37 88
38 88
39 89
38 89
37 90
38 90
37 89
38 89
39 90
38 90
39 89
38 89
39 88
38 88
37 89
38 89
37 88
38 88
37 87
38 87
37 88
36 88
37 87
36 87
37 86
36 86
37 85
36 85
37 86
36 86
37 87
36 87
35 86
36 86
35 87
34 87
35 86
35 87
34 88
35 88
34 87
35 87
36 88
35 88
36 87
36 88
35 89
36 89
35 88
36 88
37 89
36 89
37 88
37 89
36 90
37 90
36 89
36 90
35 91
36 91
35 90
36 90
37 91
36 91
37 92
36 92
37 93
38 93
39 92
40 92
41 93
40 93
39 94
38 94
37 93
38 93
37 94
38 94
39 93
38 93
39 94
40 94
41 95
40 95
41 94
40 94
39 95
40 95
39 94
40 94
39 93
40 93
41 94
40 94
41 93
40 93
41 92
40 92
39 93
40 93
39 92
38 92
39 93
38 93
37 92
38 92
37 93
36 93
37 92
36 92
37 91
36 91
37 90
38 90
37 91
38 91
37 90
38 90
39 91
38 91
39 90
40 90
39 91
40 91
39 90
39 91
40 92
39 92
40 91
41 91
40 92
41 92
40 91
57 81
58 82
57 82
58 81
63 79
64 80
65 80
64 81
65 81
64 80
65 80
64 79
65 79
64 80
63 80
64 79
64 80
63 81
64 81
63 80
63 81
64 82
63 82
64 81
65 81
64 82
65 82
64 81
64 82
65 83
66 83
65 82
66 82
65 83
64 83
65 82
63 84
64 85
63 85
64 84
65 85
66 86
65 86
66 85
64 87
65 88
64 88
65 87
73 91
74 92
73 92
74 91
67 94
68 93
67 93
68 94
67 94
68 95
67 95
66 96
67 96
68 97
67 97
66 98
67 98
66 99
67 99
66 98
67 98
66 97
67 97
68 98
67 98
68 97
67 97
68 96
67 96
66 97
67 97
66 96
67 96
66 95
67 95
68 96
67 96
68 95
67 95
68 94
67 94
66 95
67 95
66 94
66 93
67 94
66 94
67 93
67 92
66 93
65 93
66 92
65 92
66 93
67 93
66 92
66 91
67 92
66 92
67 91
67 90
66 91
67 91
66 90
66 89
67 90
66 90
67 89
67 88
66 89
65 89
66 88
65 88
66 89
67 89
66 88
89 75
90 76
89 76
90 75
90 73
91 74
90 74
91 73
99 95
100 96
99 96
100 95
87 95
88 96
87 96
88 95
86 89
87 90
86 90
87 89
81 78
82 79
81 79
82 78
76 81
77 82
76 82
77 81
71 72
72 73
71 73
72 72
65 70
66 71
65 71
66 70
62 70
63 71
62 71
63 70
62 75
63 76
64 76
63 77
64 77
63 76
64 76
63 75
64 75
63 76
62 76
63 75
63 71
64 72
63 72
64 71
54 70
55 71
54 71
55 70
53 63
54 64
53 64
54 63
49 60
50 61
49 61
50 60
47 62
48 61
47 61
48 60
47 60
48 61
47 61
48 62
47 62
48 63
47 63
48 62
47 62
46 63
47 63
46 64
47 64
48 65
47 65
48 64
47 64
46 65
47 65
46 66
47 66
46 65
47 65
46 64
47 64
46 63
47 63
46 62
46 61
47 62
46 62
47 61
47 60
46 61
47 61
46 60
46 59
47 60
46 60
47 59
47 58
46 59
47 59
46 58
47 58
48 59
47 59
48 58
49 58
48 59
49 59
48 58
48 57
49 58
48 58
49 57
49 56
48 55
49 55
48 54
49 54
48 53
49 53
48 52
49 52
48 51
49 51
48 52
49 52
48 53
49 53
48 54
49 54
48 55
49 55
48 56
49 56
48 57
49 57
48 56
47 56
48 57
47 57
48 56
48 55
47 56
48 56
47 55
47 54
48 55
47 55
48 54
48 53
47 54
48 54
47 53
47 52
48 53
47 53
48 52
48 51
47 52
48 52
47 51
40 38
41 39
40 39
41 38
49 38
50 39
51 39
50 40
51 40
50 39
51 39
50 38
51 38
50 37
51 37
50 38
51 38
50 39
49 39
50 38
50 39
49 40
50 40
49 39
49 40
50 41
49 41
50 40
50 41
51 42
50 42
51 43
50 43
51 42
50 42
51 41
50 41
49 42
50 42
49 41
49 42
50 43
49 43
50 42
50 43
49 44
50 44
49 43
50 43
51 44
50 44
51 43
51 44
50 45
51 45
50 44
48 46
49 47
48 47
49 46
48 48
49 49
48 49
49 48
50 32
51 33
50 33
51 32
51 31
52 32
51 32
52 31
52 30
53 31
52 31
53 30
52 30
51 31
52 31
51 30
51 29
52 30
51 30
52 29
52 28
51 29
52 29
51 28
51 26
52 27
51 27
52 26
52 25
51 26
52 26
51 25
54 25
55 26
54 26
55 25
52 27
53 28
54 28
55 27
54 27
55 28
54 28
53 29
54 29
53 28
54 28
53 27
54 27
53 28
52 28
53 27
45 16
46 17
45 17
46 16
52 18
53 19
54 19
53 18
54 18
53 17
54 17
53 16
54 16
55 17
54 17
55 18
54 18
55 17
54 17
55 16
54 16
55 15
54 15
55 14
54 14
55 15
54 15
55 16
54 16
53 15
54 15
53 16
54 16
53 17
54 17
53 18
54 18
53 19
52 19
53 18
53 19
52 20
53 20
52 19
53 19
54 20
53 20
54 19
54 20
53 21
54 21
53 20
51 23
52 24
51 24
52 23
52 22
53 23
54 23
53 24
54 24
53 25
52 25
53 24
52 24
53 25
54 25
53 24
54 24
53 23
54 23
53 22
54 22
53 23
52 23
53 22
53 21
52 22
53 22
52 21
g
36 72
37 73
36 73
37 72
29 67
30 68
29 68
30 67
27 61
28 62
27 62
28 61
26 66
27 67
26 67
27 66
26 62
27 63
26 63
27 62
30 54
31 55
32 55
31 54
32 54
33 53
32 53
33 52
32 52
31 51
32 51
31 52
32 52
33 51
34 51
33 52
34 52
33 51
32 51
33 52
32 52
33 53
32 53
33 54
32 54
31 53
32 53
31 54
32 54
31 55
30 55
31 54
h
99 52
100 53
99 53
100 52
97 43
98 44
97 44
98 43
99 34
100 35
99 35
100 34
92 32
93 33
92 33
93 32
91 25
92 26
91 26
92 25
73 16
74 17
73 17
74 16
70 15
71 16
70 16
71 15
63 21
64 22
63 22
64 21
56 20
57 21
56 21
57 20
49 15
50 16
49 16
50 15
50 14
49 15
48 15
49 14
48 14
49 15
50 15
49 14
49 13
50 14
49 14
50 13
55 4
56 5
55 5
56 4
53 8
54 9
53 9
54 8
53 8
52 9
53 9
52 8
52 9
53 10
52 10
53 9
53 10
52 11
53 11
52 10
23 29
24 30
23 30
24 29
18 23
19 24
18 24
19 23
22 20
23 21
22 21
23 20
25 17
26 18
25 18
26 17
21 7
20 6
21 6
22 5
21 5
22 6
21 6
20 5
21 5
20 6
21 6
20 7
21 7
22 6
23 6
22 7
23 7
22 8
23 8
22 7
23 7
22 6
21 6
22 7
21 7
22 8
21 8
22 7
23 9
24 10
25 10
24 9
25 9
24 10
23 10
24 9
24 10
23 11
24 11
23 10
24 10
25 11
26 11
25 10
26 10
25 11
24 11
25 10
25 11
24 12
25 12
24 11
25 11
26 12
25 12
26 11
26 12
27 13
26 13
27 12
26 12
25 13
26 13
25 12
25 13
26 14
25 14
26 13
27 13
28 14
27 14
28 13
27 13
26 14
27 14
26 13
26 14
27 15
26 15
27 14
28 14
27 15
28 15
27 14
27 15
28 16
29 16
28 15
29 15
28 16
27 16
28 15
28 16
27 17
28 17
27 16
28 16
29 17
30 17
29 16
30 16
29 17
28 17
29 16
29 17
28 18
29 18
28 17
29 17
30 18
31 18
30 17
31 17
30 18
29 18
30 17
30 18
29 19
30 19
29 18
30 18
31 19
30 19
31 18
31 19
32 20
31 20
32 19
31 19
30 20
31 20
30 19
30 20
31 21
30 21
31 20
32 20
33 21
32 21
33 20
32 20
31 21
32 21
31 20
31 21
32 22
31 22
32 21
33 21
32 22
33 22
32 21
32 22
33 23
32 23
33 22
34 22
33 23
34 23
33 24
34 24
33 25
34 25
33 24
34 24
33 23
34 23
33 22
41 26
42 27
43 27
42 26
43 26
42 27
41 27
42 26
50 12
51 13
50 13
51 12
43 10
44 11
43 11
44 10
45 4
46 5
45 5
46 4
44 0
45 1
44 1
45 0
38 6
39 7
38 7
39 6
34 6
35 7
34 7
35 6
34 15
35 16
34 16
35 15
38 15
39 16
38 16
39 15
31 16
32 17
31 17
32 16
35 24
36 25
35 25
36 24
36 25
35 26
34 26
35 27
34 27
35 26
34 26
35 25
34 25
35 26
36 26
35 25
35 26
36 27
37 27
36 26
37 26
36 27
35 27
36 26
36 27
35 28
36 28
35 27
36 27
37 28
38 28
37 27
38 27
37 28
36 28
37 27
37 28
36 29
37 29
36 28
37 28
38 29
37 29
38 28
38 29
37 30
38 30
39 31
40 31
39 32
38 32
39 33
40 33
39 34
40 34
39 33
40 33
41 34
42 34
41 35
40 35
41 34
40 34
41 35
42 35
43 36
42 36
41 37
42 37
41 36
42 36
43 37
44 37
45 38
44 38
45 37
44 37
43 38
42 38
43 37
42 37
43 38
44 38
43 37
44 37
43 36
44 36
43 37
42 37
43 36
42 36
43 35
42 35
41 36
42 36
41 35
42 35
41 34
42 34
43 35
42 35
43 34
42 34
43 33
42 33
43 34
42 34
41 33
42 33
41 34
40 34
41 33
40 33
41 32
40 32
41 33
40 33
39 32
40 32
39 33
38 33
39 32
38 32
37 33
38 33
37 32
38 32
37 31
38 31
37 32
38 32
39 31
38 31
39 32
40 32
39 31
40 31
39 30
40 30
39 31
38 31
39 30
38 30
37 31
38 31
37 30
38 30
37 29
38 29
39 30
38 30
39 29
40 29
39 28
40 28
39 29
40 29
39 30
40 30
39 29
40 29
41 30
40 30
41 29
42 24
43 23
44 23
45 22
44 22
45 21
44 21
45 20
46 20
45 21
46 21
45 22
46 22
45 21
46 21
45 20
44 20
45 21
44 21
45 22
44 22
45 23
44 23
43 22
44 22
43 23
44 23
43 24
44 24
43 23
42 23
43 24
42 24
43 25
42 25
43 24
44 24
43 25
44 25
43 24
51 27
52 28
51 28
52 27
49 32
48 33
47 33
46 32
45 32
46 31
47 31
48 32
47 32
48 31
47 31
46 32
47 32
46 31
45 31
46 32
45 32
44 31
45 31
44 32
45 32
44 33
45 33
44 32
45 32
46 33
45 33
46 34
47 34
48 33
49 33
48 34
49 34
48 35
47 35
46 34
47 34
46 35
47 35
48 36
47 36
48 37
47 37
48 36
47 36
48 35
47 35
48 34
47 34
48 35
49 35
48 34
49 34
48 33
47 33
48 34
47 34
46 33
47 33
46 34
45 34
46 33
45 33
46 32
47 32
46 33
47 33
48 32
47 32
48 33
49 33
48 32
49 32
50 33
49 33
50 32
50 33
49 34
50 34
49 33
50 33
51 34
50 34
51 35
50 35
51 36
52 36
53 35
52 35
53 34
54 34
53 35
54 35
55 36
56 36
57 37
58 37
57 36
58 36
57 35
58 35
57 36
58 36
57 37
56 37
55 38
54 38
55 39
56 39
57 38
58 38
59 37
60 37
59 38
60 38
59 37
58 37
59 38
58 38
59 39
58 39
57 40
56 40
55 39
54 39
53 40
54 40
55 41
56 41
55 40
56 40
55 41
54 41
55 40
54 40
53 41
54 41
53 40
54 40
53 39
54 39
55 40
54 40
55 39
56 39
55 40
56 40
57 39
56 39
57 40
58 40
57 41
58 41
57 40
58 40
57 39
58 39
59 40
58 40
59 39
58 39
59 38
58 38
57 39
58 39
57 38
56 38
57 39
56 39
55 38
56 38
55 39
54 39
55 38
54 38
53 39
54 39
53 38
54 38
53 37
52 37
51 38
52 38
51 37
52 37
53 38
52 38
53 37
54 37
53 36
54 36
53 37
54 37
53 38
54 38
55 37
54 37
55 38
56 38
55 37
56 37
57 38
56 38
57 37
56 37
57 36
56 36
55 37
56 37
55 36
56 36
55 35
56 35
55 36
54 36
55 35
54 35
53 36
54 36
53 35
54 35
53 34
52 34
53 35
52 35
53 36
52 36
51 35
52 35
51 36
50 36
49 37
50 37
49 36
50 36
51 37
50 37
51 36
50 36
51 35
50 35
51 34
50 34
51 33
52 33
51 34
52 34
51 33
56 30
57 31
56 31
57 30
59 34
60 35
59 35
60 34
60 38
61 39
60 39
61 38
61 39
60 40
61 40
60 41
59 41
60 42
59 42
60 41
59 41
60 40
59 40
60 41
61 41
60 40
61 40
60 39
61 39
62 40
61 40
62 39
63 39
64 40
63 40
64 41
63 41
64 42
65 42
66 41
67 41
66 42
67 42
68 43
67 43
68 42
67 42
66 43
65 43
66 42
65 42
66 43
67 43
66 42
67 42
66 41
65 41
66 40
65 40
66 41
65 41
66 42
65 42
64 41
65 41
64 42
63 42
64 41
63 41
64 40
63 40
64 39
63 39
62 40
63 40
62 39
62 40
63 41
62 41
63 40
63 41
62 42
61 42
62 41
61 41
62 42
63 42
62 41
62 42
63 43
62 43
63 42
64 42
63 43
64 43
63 42
64 42
65 43
64 43
65 42
65 43
64 44
65 44
64 43
65 43
66 44
65 44
66 45
65 45
66 44
65 44
66 43
67 43
66 44
67 44
66 43
67 43
68 44
69 44
70 45
69 45
70 46
69 46
70 45
69 45
70 44
69 44
70 43
71 43
70 44
71 44
70 43
69 43
70 44
69 44
68 43
69 43
68 44
67 44
68 43
68 44
67 45
68 45
67 44
67 45
68 46
67 46
68 45
69 45
68 46
69 46
68 45
68 46
69 47
68 47
69 46
70 46
69 47
70 47
69 46
70 46
71 47
70 47
71 48
70 48
71 47
70 47
71 46
72 46
71 45
72 45
73 44
72 44
73 45
72 45
71 44
72 44
71 45
72 45
71 46
72 46
71 47
72 47
71 46
72 46
73 47
72 47
73 46
74 46
73 45
74 45
73 46
74 46
73 47
74 47
73 46
73 47
74 48
73 48
74 47
75 47
74 48
75 48
74 47
74 48
75 49
76 49
75 48
76 48
75 49
74 49
75 48
75 49
74 50
75 50
74 49
75 49
76 50
75 50
76 49
77 49
78 48
79 48
80 49
81 49
80 48
81 48
80 49
79 49
78 50
79 50
78 49
79 49
80 50
79 50
80 51
79 51
80 50
79 50
80 49
79 49
80 48
79 48
78 49
79 49
78 48
77 48
78 47
77 47
78 48
77 48
78 49
77 49
78 50
77 50
78 49
77 49
76 50
77 50
76 49
76 50
77 51
76 51
77 50
78 50
77 51
78 51
77 50
78 50
79 51
78 51
79 50
79 51
78 52
79 52
78 51
79 51
80 52
79 52
80 51
81 51
80 52
81 52
80 51
80 52
81 53
80 53
81 52
82 52
81 53
82 53
81 52
82 52
83 51
84 51
85 50
84 50
85 51
84 51
85 52
86 52
87 51
86 51
87 52
86 52
85 53
84 53
83 52
84 52
83 53
84 53
85 52
84 52
85 53
86 53
85 52
86 52
85 51
86 51
85 52
84 52
85 51
84 51
83 52
84 52
83 51
82 51
81 50
82 50
83 49
82 49
83 50
82 50
81 49
82 49
81 50
82 50
81 51
82 51
83 50
82 50
83 51
82 51
83 52
82 52
83 53
82 53
83 52
83 53
82 54
83 54
82 53
83 53
84 54
83 54
84 53
85 53
84 54
85 54
84 53
84 54
85 55
84 55
85 54
86 54
85 55
86 55
85 54
86 54
87 55
86 55
87 54
87 55
88 56
89 56
88 55
89 55
88 54
89 54
90 55
89 55
90 56
89 56
90 55
89 55
90 54
89 54
90 53
89 53
90 54
89 54
88 53
87 53
88 52
89 52
88 53
89 53
88 52
87 52
88 53
87 53
88 54
87 54
88 53
89 53
88 54
89 54
88 55
89 55
88 56
87 56
88 55
87 55
86 56
87 56
86 55
88 62
89 63
88 63
89 62
91 67
92 68
93 68
92 69
93 69
92 68
93 68
92 67
93 67
94 68
93 68
94 67
93 67
94 66
93 66
94 67
93 67
92 66
93 66
92 67
93 67
92 68
91 68
92 67
90 68
91 69
90 69
91 68
91 69
92 70
91 70
92 69
i
89 89
90 90
89 90
90 89
90 87
91 88
90 88
91 87
j
2 2
3 3
2 3
3 2
8 21
9 22
8 22
9 21
0 28
1 29
0 29
1 28
7 26
8 27
7 27
8 26
11 21
12 22
11 22
12 21
8 28
9 29
8 29
9 28
12 33
13 34
12 34
13 35
14 35
15 34
16 34
15 35
16 35
17 36
18 36
19 35
18 35
19 36
18 36
17 37
16 37
17 36
16 36
17 37
18 37
17 38
18 38
17 37
18 37
17 36
18 36
17 35
18 35
17 34
18 34
17 35
18 35
17 36
16 36
17 35
16 35
15 36
14 36
15 37
14 37
15 36
14 36
13 37
14 37
13 36
14 36
13 35
12 35
13 36
12 36
13 35
14 35
13 36
14 36
15 35
14 35
15 36
16 36
15 35
16 35
15 34
14 34
15 35
14 35
13 34
14 34
13 35
12 35
13 34
12 34
13 33
14 33
13 34
14 34
13 33
14 33
15 34
14 34
15 33
16 33
15 34
16 34
15 33
19 24
20 25
19 25
20 24
32 41
33 42
32 42
33 41
34 41
33 42
34 42
33 41
33 42
34 43
35 43
36 42
35 42
36 43
35 43
34 44
35 44
36 45
37 45
36 44
37 44
36 43
37 43
36 44
37 44
36 45
35 45
36 44
35 44
34 45
35 45
34 44
35 44
34 43
35 43
34 42
35 42
34 43
33 43
34 42
34 43
33 44
32 44
31 43
32 43
31 44
32 44
33 45
32 45
33 44
32 44
33 43
32 43
33 44
34 44
33 43
33 44
34 45
33 45
34 44
34 45
33 46
34 46
33 45
34 45
35 46
34 46
35 45
36 45
35 46
36 46
35 45
35 46
36 47
35 47
36 46
49 51
50 52
49 52
50 51
51 48
52 49
51 49
52 48
46 57
47 58
46 58
47 57
50 50
51 51
50 51
51 50
68 39
69 40
68 40
69 39
58 40
59 41
58 41
59 40
61 47
62 48
63 48
62 47
63 47
64 46
63 46
64 45
65 45
66 46
65 46
66 45
65 45
64 44
65 44
64 45
65 45
64 46
65 46
64 47
65 47
64 46
65 46
64 45
63 45
64 46
63 46
64 47
63 47
62 46
63 46
62 47
63 47
62 48
61 48
62 49
61 49
62 48
61 48
62 47
61 47
60 48
61 48
60 47
60 48
61 49
60 49
61 50
60 50
61 49
60 49
61 48
60 48
59 49
60 49
59 48
59 49
60 50
59 50
60 49
59 49
58 50
59 50
58 51
59 51
58 50
59 50
58 49
57 49
58 50
57 50
58 49
58 50
57 51
58 51
57 52
58 52
57 53
56 53
57 54
58 54
59 53
60 53
59 54
60 54
61 55
62 55
63 56
64 56
65 55
64 55
65 56
64 56
63 55
64 55
63 56
62 56
61 57
62 57
61 56
62 56
63 57
62 57
63 58
62 58
63 57
62 57
63 56
62 56
63 55
62 55
61 56
60 56
61 55
60 55
61 56
62 56
61 55
62 55
61 54
62 54
61 55
60 55
61 54
60 54
59 55
58 55
59 56
58 56
59 57
60 57
59 56
60 56
59 57
58 57
59 56
58 56
59 55
58 55
57 56
58 56
57 55
58 55
57 54
58 54
57 55
58 55
59 54
58 54
59 55
60 55
59 54
60 54
59 53
58 53
59 52
58 52
59 53
58 53
59 54
58 54
57 53
58 53
57 54
56 54
57 53
56 53
57 52
56 52
57 53
58 53
57 52
58 52
57 51
58 51
57 50
56 50
57 51
56 51
57 50
57 51
56 52
57 52
56 51
55 51
56 52
55 52
56 51
56 52
55 53
56 53
55 52
53 54
54 55
53 55
54 54
53 54
52 53
51 53
50 52
51 52
50 53
51 53
52 52
53 52
52 53
53 53
52 52
51 52
52 51
51 51
52 52
51 52
52 53
51 53
52 54
51 54
52 53
53 53
52 54
53 54
52 55
53 55
52 54
51 54
52 55
51 55
52 54
52 55
51 56
52 56
51 55
50 55
51 56
50 56
51 55
51 56
50 57
51 57
50 56
49 56
50 57
49 57
50 56
30 69
31 70
30 70
31 69
33 89
34 90
33 90
34 89
41 90
42 91
41 91
42 90
44 84
45 85
44 85
45 84
46 84
45 85
46 85
45 84
49 82
50 83
49 83
50 82
55 91
56 92
55 92
56 91
63 98
64 99
63 99
64 98
65 97
66 98
65 98
66 97
66 99
67 100
66 100
67 99
62 28
63 29
62 29
63 28
65 23
66 24
65 24
66 23
66 22
65 23
66 23
65 22
66 21
67 22
66 22
67 21
68 21
67 22
68 22
67 23
68 23
67 22
68 22
67 21
68 20
69 21
70 21
71 22
70 22
71 21
70 21
69 22
70 22
69 21
70 21
69 20
70 20
69 21
68 21
69 20
63 1
64 2
63 2
64 1
75 5
76 6
75 6
76 5
79 12
80 13
79 13
80 12
83 8
84 9
83 9
84 8
84 9
83 10
84 10
83 9
76 16
77 17
78 17
77 16
78 16
77 17
76 17
77 16
77 17
76 18
77 18
76 17
75 17
76 18
75 18
76 17
77 22
78 23
77 23
78 22
72 19
73 20
74 20
73 19
74 19
75 18
74 18
75 19
74 19
73 18
74 18
73 19
74 19
73 20
72 20
73 19
72 19
71 20
72 20
71 21
72 21
71 20
72 20
71 19
70 19
71 20
70 20
71 19
k
12 43
13 44
12 44
13 43
12 54
13 55
12 55
13 54
6 53
7 54
6 54
7 53
14 60
15 61
14 61
15 60
15 61
14 62
15 62
14 61
10 65
11 66
10 66
11 65
15 67
16 68
15 68
16 67
21 73
22 74
21 74
22 73
16 70
17 71
16 71
17 70
20 74
21 75
20 75
21 74
32 78
33 79
32 79
33 78
35 69
36 70
35 70
36 69
30 77
31 78
30 78
31 77
42 84
43 85
42 85
43 84
47 85
48 86
47 86
48 85
58 95
59 96
58 96
59 95
70 90
71 91
70 91
71 90
60 93
61 94
60 94
61 93
90 97
91 98
90 98
91 97
95 98
96 99
95 99
96 98
24 60
25 61
24 61
25 60
24 52
25 53
24 53
25 52
30 48
31 49
30 49
31 48
32 54
33 55
32 55
33 54
37 55
38 56
37 56
38 55
48 63
49 64
48 64
49 63
54 62
55 63
54 63
55 62
56 74
57 75
56 75
57 74
56 84
57 85
56 85
57 84
57 85
58 86
57 86
58 87
57 87
58 88
57 88
58 87
57 87
58 86
57 86
58 85
57 85
56 86
57 86
56 85
56 86
57 87
56 87
57 86
57 87
56 88
57 88
56 87
56 88
57 89
56 89
55 90
56 90
55 91
56 91
55 90
56 90
55 89
56 89
57 90
56 90
57 89
56 89
57 88
56 88
55 89
56 89
55 88
28 94
29 95
28 95
29 94
35 96
36 97
35 97
36 96
41 97
42 98
41 98
42 97
47 88
48 89
47 89
48 88
51 83
52 84
51 84
52 83
56 91
57 92
56 92
57 93
56 93
55 94
56 94
57 95
56 95
55 96
56 96
55 97
56 97
57 98
56 98
57 97
56 97
55 98
56 98
55 99
56 99
57 100
56 100
57 99
56 99
55 100
56 100
55 99
56 99
55 98
56 98
55 97
56 97
55 96
56 96
55 95
56 95
57 96
56 96
57 95
56 95
57 94
56 94
55 95
56 95
55 94
56 94
55 93
56 93
57 94
56 94
57 93
56 93
57 92
56 92
57 91
58 91
57 92
58 92
57 91
75 61
76 62
75 62
76 61
78 52
79 53
78 53
79 52
78 63
79 64
78 64
79 63
81 53
82 54
81 54
82 53
93 40
94 39
95 39
94 40
95 40
94 39
93 39
94 40
93 40
94 41
93 41
94 40
98 99
99 100
98 100
99 99
97 85
98 86
97 86
98 85
94 75
95 76
94 76
95 75
91 68
92 69
91 69
92 68
98 68
99 69
98 69
99 68
91 64
92 65
91 65
92 64
84 60
85 61
84 61
85 60
78 57
79 58
78 58
79 57
79 56
78 57
77 57
78 56
77 56
78 57
79 57
78 56
79 56
80 57
79 57
80 56
80 55
81 56
80 56
81 55
80 55
79 56
80 56
79 55
79 54
80 55
79 55
80 54
81 54
80 55
81 55
80 54
94 45
95 46
94 46
95 45
63 2
64 3
63 3
64 2
47 3
48 4
47 4
48 3
49 12
50 13
49 13
50 12
57 24
58 25
57 25
58 24
67 28
68 29
67 29
68 28
71 43
72 44
71 44
72 43
77 51
78 52
77 52
78 51
88 44
89 45
90 45
89 44
90 44
91 45
90 45
91 44
90 44
91 43
92 43
93 44
92 44
93 43
92 43
91 42
92 42
91 41
92 41
91 42
92 42
91 43
92 43
91 44
92 44
91 43
90 43
91 44
90 44
89 43
90 43
89 44
90 44
89 45
88 45
89 44
l
96 85
97 86
96 86
97 85
97 86
98 87
99 87
98 86
99 86
98 87
97 87
98 86
m
0 92
1 93
0 93
1 92
11 88
12 89
11 89
12 88
16 94
17 95
16 95
17 94
17 97
18 98
17 98
18 97
25 86
26 87
25 87
26 86
26 85
27 86
28 86
27 85
28 85
29 86
30 86
29 87
28 87
29 88
30 88
31 89
32 89
31 90
30 90
29 89
28 89
29 90
28 90
29 89
30 89
29 90
30 90
31 91
32 91
33 90
34 90
33 91
34 91
33 92
32 92
33 93
32 93
33 94
34 94
35 93
34 93
35 92
36 92
35 93
36 93
35 94
36 94
35 95
34 95
35 96
36 96
35 95
36 95
35 96
34 96
35 97
34 97
35 96
34 96
35 95
34 95
35 94
34 94
35 95
36 95
35 94
36 94
35 93
36 93
35 92
34 92
35 93
34 93
35 94
34 94
33 93
34 93
33 94
32 94
33 93
32 93
33 92
32 92
31 93
30 93
31 92
30 92
31 93
32 93
31 92
32 92
31 91
32 91
31 92
32 92
33 91
32 91
33 92
34 92
33 91
34 91
33 90
32 90
33 89
32 89
33 90
32 90
33 91
32 91
31 90
32 90
31 91
30 91
31 90
30 90
31 89
30 89
31 90
32 90
31 89
32 89
31 88
32 88
31 89
30 89
31 88
30 88
29 89
30 89
29 88
30 88
29 87
30 87
29 88
28 88
29 87
28 87
27 88
26 88
27 87
26 87
27 88
28 88
27 89
28 89
27 88
28 88
27 87
28 87
27 86
28 86
27 87
28 87
29 86
28 86
29 87
30 87
29 86
30 86
29 85
30 85
29 86
28 86
29 85
28 85
29 84
28 84
29 85
28 85
27 84
28 84
27 85
28 85
27 86
26 86
27 85
26 85
25 86
26 86
25 85
25 84
26 83
25 83
26 84
25 84
26 85
25 85
26 84
25 84
24 85
25 85
24 84
23 84
24 85
23 85
24 84
24 83
23 84
24 84
23 83
23 82
24 83
25 83
24 82
25 82
26 81
25 81
26 82
25 82
24 81
25 81
24 82
25 82
24 83
23 83
24 82
n
85 94
86 95
85 95
86 94
92 79
93 80
92 80
93 79
80 71
81 72
80 72
81 71
75 78
76 79
75 79
76 78
69 79
70 80
69 80
70 79
69 84
70 85
69 85
70 84
68 75
69 76
68 76
69 75
60 77
61 78
60 78
61 77
54 74
55 75
54 75
55 74
51 70
52 71
51 71
52 70
45 73
46 74
45 74
46 73
51 72
52 73
51 73
52 72
57 63
58 64
57 64
58 63
59 64
60 65
59 65
60 64
45 57
46 56
45 56
46 57
45 57
46 58
45 58
46 57
45 57
44 58
45 58
44 57
44 58
45 59
44 59
45 58
44 58
43 59
44 59
43 58
41 60
40 61
41 61
40 60
41 60
42 61
41 61
42 60
42 59
43 60
42 60
43 59
4 59
5 60
4 60
5 59
0 43
1 44
0 44
1 43
15 38
16 39
15 39
16 38
16 24
17 25
16 25
17 24
19 31
20 32
21 32
22 31
21 31
22 32
21 32
20 31
21 31
20 32
19 32
20 31
20 32
19 33
20 33
21 34
22 34
23 33
22 33
23 34
22 34
21 35
20 35
19 34
20 34
19 35
20 35
21 34
20 34
21 35
22 35
23 36
22 36
23 35
22 35
21 36
22 36
21 35
22 35
21 34
22 34
21 33
22 33
21 34
20 34
21 33
20 33
19 34
20 34
19 33
20 33
19 32
20 32
21 33
20 33
21 32
22 32
21 33
22 33
21 32
22 32
23 33
22 33
23 32
29 22
30 23
29 23
30 22
42 25
43 26
42 26
43 25
40 41
41 42
40 42
41 41
47 39
48 40
47 40
48 39
52 36
53 37
52 37
53 36
55 27
56 28
55 28
56 27
63 23
64 24
65 24
64 25
63 25
64 26
65 26
64 25
65 25
64 26
63 26
64 25
63 25
64 24
63 24
64 25
65 25
64 24
65 24
64 23
65 23
64 22
65 22
64 23
65 23
64 24
63 24
64 23
64 22
63 23
64 23
63 22
64 14
65 13
64 13
65 12
66 12
65 11
66 11
65 12
66 12
65 13
66 13
65 14
66 14
65 13
66 13
65 12
64 12
65 13
64 13
65 14
64 14
65 15
64 15
65 14
82 35
83 36
82 36
83 35
72 32
73 33
72 33
73 32
68 36
69 37
68 37
69 36
68 36
67 37
68 37
67 36
63 34
64 35
63 35
64 34
60 19
61 20
60 20
61 19
67 7
68 8
67 8
68 7
57 11
58 12
57 12
58 11
58 12
57 13
58 13
57 12
59 16
60 17
59 17
60 16
60 17
59 18
60 18
59 17
41 58
42 59
41 59
42 58
o
79 19
80 20
79 20
80 19
60 37
61 38
60 38
61 37
66 30
67 31
66 31
67 30
66 22
67 23
66 23
67 22
68 12
69 13
68 13
69 12
75 8
76 9
75 9
76 8
78 5
79 6
78 6
79 5
80 5
79 6
80 6
79 5
88 7
89 8
88 8
89 7
95 6
96 7
95 7
96 6
95 13
96 14
95 14
96 13
79 17
80 18
79 18
80 17
p
99 96
100 97
99 97
100 96
91 89
92 90
91 90
92 89
92 81
93 82
92 82
93 81
95 81
96 82
95 82
96 81
96 73
97 74
96 74
97 73
90 74
91 75
90 75
91 74
90 74
89 73
90 73
89 74
90 74
89 75
90 75
89 74
88 74
89 75
88 75
89 74
83 77
84 78
83 78
84 77
81 82
82 83
81 83
82 82
85 87
86 88
85 88
86 87
78 90
79 91
78 91
79 90
70 92
71 93
70 93
71 92
65 86
66 87
67 87
66 86
67 86
66 87
65 87
66 88
65 88
66 87
65 87
66 86
65 86
64 85
65 85
64 86
65 86
64 87
65 87
64 86
63 86
64 87
63 87
64 86
64 85
63 86
64 86
63 85
62 85
63 86
62 86
63 85
63 84
62 85
63 85
62 84
61 84
62 85
61 85
62 84
61 84
60 85
61 85
60 84
56 81
57 82
56 82
57 81
52 80
53 81
52 81
53 80
54 73
55 74
56 74
55 73
56 73
55 74
54 74
55 73
54 78
55 79
56 79
57 78
58 78
57 79
58 79
57 78
56 78
57 79
56 79
55 78
56 78
55 79
54 79
55 78
55 79
54 80
53 80
54 79
53 79
54 80
55 80
54 81
55 81
54 80
55 80
54 79
55 79
56 80
55 80
56 79
57 79
56 80
57 80
56 79
57 79
58 80
57 80
58 79
59 79
58 80
59 80
58 79
59 79
60 80
59 80
60 79
60 78
59 79
60 79
59 78
60 78
61 79
60 79
61 78
62 78
63 77
64 77
63 78
64 78
65 79
66 79
65 78
66 78
67 77
66 77
67 76
68 76
69 77
70 77
71 76
72 76
73 75
74 75
75 76
76 76
75 75
76 75
75 76
74 76
75 75
74 75
73 76
74 76
73 77
74 77
73 76
74 76
73 75
72 75
73 76
72 76
73 77
72 77
73 76
72 76
71 77
72 77
71 78
70 78
69 77
70 77
69 78
70 78
71 77
70 77
71 78
72 78
71 77
72 77
71 76
70 76
71 77
70 77
69 76
70 76
69 77
68 77
69 76
68 76
67 77
68 77
67 78
68 78
67 77
68 77
67 76
66 76
67 75
66 75
67 76
66 76
67 77
66 77
67 78
66 78
65 77
66 77
65 78
66 78
65 79
64 79
65 78
64 78
63 79
64 79
63 78
64 78
63 77
62 77
63 78
62 78
63 79
62 79
63 78
62 78
61 79
62 79
61 78
61 77
62 78
61 78
62 77
60 70
61 71
60 71
61 70
49 67
50 68
49 68
50 67
32 84
33 85
32 85
33 84
27 90
28 91
27 91
28 90
30 85
31 86
30 86
31 85
54 94
55 95
54 95
55 94
48 90
49 91
48 91
49 90
46 85
47 86
46 86
47 85
45 81
46 82
47 82
48 81
47 81
48 80
49 80
50 79
49 79
50 78
49 78
48 77
49 77
50 76
49 76
50 77
49 77
48 76
49 76
48 77
49 77
48 78
49 78
50 77
51 77
52 78
51 78
52 77
51 77
50 78
51 78
50 79
51 79
50 78
51 78
50 77
49 77
50 78
49 78
50 79
49 79
50 80
49 80
48 79
49 79
48 80
49 80
48 81
49 81
48 80
47 80
48 81
47 81
48 82
47 82
46 81
47 81
46 82
45 82
46 81
42 81
41 80
42 80
41 81
42 81
41 82
42 82
41 81
42 81
43 82
42 82
43 81
43 80
42 81
43 81
42 80
46 76
47 77
46 77
47 76
47 75
46 76
47 76
46 75
43 74
44 75
43 75
44 74
43 74
42 75
43 75
42 74
42 73
41 72
40 72
39 71
38 71
39 70
40 70
39 71
40 71
39 70
38 70
39 71
38 71
37 70
38 70
37 71
38 71
37 72
38 72
37 71
38 71
39 72
38 72
39 71
40 71
39 72
40 72
39 73
40 73
39 72
40 72
41 73
40 73
41 72
42 72
41 73
42 73
41 74
42 74
41 73
42 73
43 74
42 74
43 73
43 72
42 73
43 73
42 72
44 68
45 69
44 69
45 68
48 66
49 67
48 67
49 66
34 83
35 84
34 84
35 83
18 72
19 73
18 73
19 72
5 4
6 5
5 5
6 4
6 14
7 15
6 15
7 14
3 5
4 6
3 6
4 5
67 0
68 1
67 1
68 0
74 5
75 6
74 6
75 5
81 6
82 7
81 7
82 6
86 5
87 6
86 6
87 5
95 10
96 11
95 11
96 10
94 13
95 14
94 14
95 13
98 29
99 30
98 30
99 29
96 20
97 21
96 21
97 20
95 14
96 15
95 15
96 14
93 20
94 21
93 21
94 20
92 16
93 17
92 17
93 16
93 15
94 14
93 14
94 15
93 15
94 16
95 16
94 15
95 15
94 16
93 16
94 15
93 15
92 16
93 16
92 15
91 15
92 16
91 16
92 15
75 28
76 29
75 29
74 30
73 30
72 31
73 31
74 32
73 32
74 31
73 31
72 32
71 32
72 31
71 31
72 32
73 32
72 31
73 31
72 30
73 30
74 31
75 31
74 30
75 30
74 31
73 31
74 30
73 30
74 29
73 29
74 30
75 30
74 29
75 29
76 30
75 30
76 29
75 29
76 28
77 18
78 19
77 19
78 18
80 24
81 25
82 25
83 24
82 24
83 23
82 23
83 22
84 22
85 21
86 21
87 22
86 22
87 21
86 21
87 20
86 20
87 19
88 19
89 20
88 20
89 19
88 19
89 18
90 18
91 17
92 17
91 18
92 18
91 17
90 17
91 16
90 16
91 17
90 17
91 18
90 18
89 17
90 17
89 18
90 18
89 19
90 19
89 18
88 18
89 19
88 19
87 18
88 18
87 19
88 19
87 20
88 20
87 19
86 19
87 20
86 20
87 21
86 21
85 20
86 20
85 21
86 21
85 22
86 22
85 23
86 23
85 22
86 22
85 21
84 21
85 22
84 22
85 23
84 23
85 22
84 22
83 23
84 23
83 24
84 24
83 23
84 23
83 22
82 22
83 23
82 23
83 24
82 24
83 25
82 25
81 26
82 26
81 25
82 25
81 24
82 24
81 25
80 25
81 24
81 25
80 26
81 26
80 25
79 25
80 26
79 26
80 27
79 27
80 26
79 26
80 25
79 25
78 26
79 26
78 25
78 26
79 27
78 27
79 28
78 28
79 27
78 27
79 26
78 26
77 27
78 27
77 26
77 27
78 28
77 28
78 27
78 28
77 29
78 29
77 28
70 44
71 45
70 45
71 44
55 26
56 27
55 27
56 26
59 31
60 32
59 32
60 31
62 36
63 37
62 37
63 36
65 35
66 36
67 36
68 35
67 35
68 34
69 34
70 35
71 35
70 34
71 34
70 33
71 33
70 32
69 32
70 33
69 33
70 32
71 32
70 33
71 33
70 34
71 34
70 35
69 35
70 34
69 34
68 33
69 33
68 34
69 34
68 35
69 35
68 36
69 36
68 35
69 35
68 34
67 34
68 35
67 35
68 36
67 36
66 37
67 37
66 36
67 36
66 35
67 35
66 36
65 36
66 35
66 36
65 37
66 37
65 36
47 50
48 49
47 49
48 50
47 50
48 51
47 51
48 50
47 50
46 51
47 51
46 50
46 51
47 52
46 52
47 51
47 52
46 53
47 53
46 52
45 52
46 53
45 53
46 52
46 53
45 54
46 54
45 53
36 59
37 60
36 60
35 61
36 61
35 60
36 60
37 61
36 61
37 60
36 60
37 59
36 59
35 60
36 60
35 59
37 57
38 58
37 58
38 57
39 57
40 56
41 56
40 57
41 57
40 56
39 56
40 57
39 57
40 58
39 58
40 57
39 57
38 58
39 58
38 57
38 58
39 59
38 59
39 58
44 64
45 65
44 65
45 64
46 66
47 67
46 67
47 66
19 73
20 74
19 74
20 73
9 40
10 41
9 41
10 40
3 45
4 46
3 46
4 45
4 51
5 52
6 52
7 51
6 51
7 52
6 52
5 51
6 51
5 52
4 52
5 51
5 52
4 53
5 53
4 52
5 52
6 53
5 53
6 52
7 52
6 53
7 53
6 52
7 52
8 53
7 53
8 52
8 53
7 54
8 54
7 53
8 53
9 54
10 54
9 53
10 53
9 54
8 54
9 53
9 54
8 55
9 55
8 54
9 54
10 55
11 55
10 54
11 54
10 55
9 55
10 54
10 55
9 56
10 56
9 55
10 55
11 56
10 56
11 55
12 55
11 56
12 56
11 55
14 53
15 54
14 54
15 53
20 60
21 61
20 61
21 60
22 60
21 61
22 61
21 60
21 61
22 62
23 62
24 61
23 61
24 62
23 62
22 61
23 61
22 62
21 62
22 61
22 62
21 63
22 63
21 62
22 62
23 63
22 63
23 62
23 63
22 64
23 64
22 63
23 63
24 64
23 64
24 65
23 65
24 64
23 64
24 63
25 63
26 62
25 62
26 63
25 63
26 64
27 64
28 65
29 65
30 64
29 64
30 63
31 63
32 64
33 64
32 63
33 63
32 64
31 64
32 63
31 63
30 64
31 64
30 65
31 65
30 64
31 64
30 63
29 63
30 64
29 64
30 65
29 65
28 66
27 66
28 65
27 65
28 66
29 66
28 67
29 67
28 66
29 66
28 65
29 65
28 64
29 64
28 65
27 65
28 64
27 64
26 65
25 65
26 64
25 64
26 65
27 65
26 64
27 64
26 63
27 63
26 64
25 64
26 63
25 63
24 64
25 64
24 63
24 62
25 63
24 63
25 62
28 54
29 55
28 55
29 54
32 61
33 62
32 62
33 61
34 61
35 62
34 62
35 61
34 61
33 62
34 62
33 61
33 62
34 63
33 63
34 62
32 66
33 67
32 67
33 66
36 69
37 70
36 70
37 69
31 67
32 68
31 68
32 67
34 68
35 69
34 69
35 68
26 67
27 68
26 68
27 67
26 67
25 66
24 66
25 65
24 65
25 66
24 66
25 67
24 67
25 66
26 66
25 67
26 67
25 68
26 68
25 69
26 69
25 68
26 68
25 67
24 67
25 68
24 68
25 67
25 68
24 69
25 69
24 70
25 70
24 69
25 69
24 68
23 68
24 69
23 69
24 68
24 69
23 70
24 70
23 69
21 71
22 72
21 72
22 71
21 71
20 72
21 72
20 73
21 73
20 72
21 72
20 71
19 71
20 72
19 72
20 71
0 74
1 75
0 75
1 74
7 77
8 78
7 78
8 77
7 80
8 81
9 81
8 82
9 82
8 81
9 81
8 80
9 80
8 81
7 81
8 80
8 81
7 82
8 82
7 83
8 83
7 82
8 82
7 81
6 81
7 82
6 82
7 81
7 82
6 83
7 83
6 82
7 85
8 86
7 86
8 85
17 80
18 81
17 81
18 80
14 77
15 78
14 78
15 77
14 77
13 76
14 76
13 77
14 77
13 78
14 78
13 77
12 77
13 78
12 78
13 77
13 78
12 79
13 79
12 78
11 78
12 79
11 79
12 78
11 78
10 79
11 79
10 78
10 79
9 80
10 80
9 79
10 79
11 80
10 80
11 79
11 80
10 81
11 81
10 80
9 83
10 84
9 84
10 83
11 73
12 74
11 74
12 73
14 75
15 76
14 76
15 75
16 75
15 76
16 76
15 75
16 75
17 76
16 76
17 75
17 74
18 75
17 75
18 74
17 74
16 75
17 75
16 74
16 73
17 74
16 74
17 73
18 73
17 74
18 74
17 73
34 21
35 22
34 22
35 21
41 23
42 24
41 24
42 23
34 23
35 24
34 24
35 23
96 55
97 56
96 56
97 55
q
1 34
2 35
1 35
2 34
1 21
2 22
1 22
2 21
6 10
7 11
6 11
7 10
3 20
4 21
3 21
4 20
8 16
9 17
8 17
9 16
22 18
23 19
22 19
23 18
24 18
23 19
24 19
23 20
24 20
25 21
26 21
27 20
26 20
27 21
26 21
25 20
26 20
25 21
24 21
25 20
24 20
23 21
24 21
23 20
24 20
23 19
24 19
23 18
24 18
25 19
24 19
25 18
26 18
25 19
26 19
25 18
26 18
27 19
28 19
29 18
28 18
29 19
28 19
27 18
28 18
27 19
26 19
27 18
27 19
26 20
27 20
26 19
27 19
28 20
27 20
28 19
29 19
28 20
29 20
28 21
29 21
28 20
29 20
28 19
34 22
35 23
34 23
35 22
29 23
30 24
29 24
30 23
33 21
34 22
33 22
34 21
34 20
33 21
34 21
33 20
26 2
27 3
26 3
27 2
22 10
23 11
22 11
23 10
28 8
29 9
28 9
29 8
26 4
27 5
26 5
27 4
60 4
61 5
60 5
61 4
55 11
56 12
57 12
56 13
57 13
56 14
57 14
56 13
57 13
56 12
57 12
56 11
57 11
56 12
55 12
56 11
56 12
55 13
56 13
55 12
55 13
56 14
55 14
56 13
56 14
55 15
56 15
55 14
55 15
56 16
57 16
56 17
57 17
58 18
59 18
58 17
59 17
58 16
59 16
58 17
59 17
58 18
57 18
58 17
57 17
56 18
57 18
56 17
57 17
56 16
57 16
58 17
57 17
58 16
57 16
58 15
57 15
58 14
57 14
58 15
57 15
58 16
57 16
56 15
57 15
56 16
55 16
56 15
56 16
55 17
56 17
55 16
55 17
56 18
55 18
56 17
56 18
55 19
56 19
55 18
56 18
57 19
56 19
57 18
58 18
57 19
58 19
57 18
58 18
59 19
58 19
59 20
60 20
59 21
58 21
59 22
60 22
59 21
60 21
59 22
58 22
57 23
58 23
57 24
58 24
57 23
58 23
57 22
58 22
59 23
58 23
59 22
58 22
59 21
58 21
57 22
58 22
57 21
58 21
57 20
58 20
57 21
58 21
59 20
58 20
59 21
60 21
59 20
60 20
59 19
60 19
59 20
58 20
59 19
58 19
59 18
60 18
59 19
60 19
59 18
63 19
64 20
63 20
64 19
61 23
62 24
61 24
62 23
62 24
61 25
60 25
59 26
60 26
59 27
60 27
59 26
60 26
59 25
60 25
61 26
60 26
61 25
60 25
61 24
60 24
61 25
62 25
61 24
61 25
62 26
61 26
62 25
63 25
62 26
63 26
62 25
62 26
63 27
62 27
63 26
64 30
65 31
64 31
65 30
65 31
64 32
63 32
62 33
61 33
62 32
61 32
62 33
63 33
64 34
63 34
64 33
63 33
62 34
63 34
62 35
63 35
62 34
63 34
62 33
63 33
62 32
63 32
64 33
63 33
64 32
63 32
64 31
63 31
64 32
65 32
64 31
64 32
65 33
64 33
65 32
65 33
66 34
65 34
66 35
65 35
66 34
65 34
66 33
65 33
64 34
65 34
64 33
64 34
65 35
64 35
65 34
65 35
64 36
63 36
64 37
63 37
64 36
63 36
64 35
63 35
64 36
65 36
64 35
66 37
67 38
66 38
67 37
66 40
67 41
68 41
69 40
68 40
69 41
68 41
67 40
68 40
67 41
66 41
67 40
68 42
69 43
70 43
69 42
70 42
69 43
68 43
69 42
66 44
67 45
66 45
67 44
76 36
77 37
76 37
77 38
76 38
77 37
76 37
77 36
79 33
80 34
79 34
80 33
78 29
79 30
78 30
79 29
76 27
77 26
76 26
77 27
76 27
77 28
76 28
77 27
76 27
75 28
76 28
75 27
74 27
73 26
74 26
75 25
76 25
75 26
76 26
75 25
74 25
75 26
74 26
73 25
74 25
73 26
74 26
73 27
74 27
75 26
74 26
75 27
74 27
75 28
74 28
75 27
80 45
81 46
80 46
81 45
85 41
86 42
87 42
86 41
87 41
86 40
87 40
86 39
87 39
88 40
89 40
88 41
87 41
88 42
87 42
88 41
87 41
88 40
87 40
88 41
89 41
88 40
89 40
88 39
89 39
88 40
87 40
88 39
87 39
88 38
87 38
88 39
87 39
86 38
87 38
86 37
87 37
86 36
87 36
86 37
87 37
86 38
87 38
86 39
87 39
86 40
87 40
86 41
87 41
86 42
85 42
86 41
86 40
85 41
86 41
85 40
85 39
86 40
85 40
86 39
86 38
85 39
86 39
85 38
85 37
86 38
85 38
86 37
86 36
85 37
86 37
85 36
85 35
86 36
85 36
86 35
86 34
87 35
86 35
87 34
86 34
85 35
86 35
85 34
85 33
86 34
85 34
86 33
86 32
85 33
86 33
85 32
81 34
82 35
81 35
82 34
80 29
81 30
82 30
81 29
82 29
81 28
82 28
83 29
82 29
83 28
82 28
83 27
82 27
83 26
84 26
83 27
84 27
85 28
86 28
85 27
86 27
85 28
84 28
85 27
84 27
83 28
84 28
83 27
84 27
83 26
82 26
83 25
82 25
83 26
82 26
83 27
82 27
83 28
82 28
81 27
80 27
81 26
80 26
81 27
80 27
81 28
80 28
81 27
82 27
81 28
82 28
81 29
82 29
81 30
80 30
81 29
81 28
80 29
81 29
80 28
79 28
80 29
79 29
80 28
80 27
79 28
80 28
79 27
77 25
78 26
77 26
78 25
68 17
69 18
68 18
69 17
72 15
73 16
72 16
73 15
76 15
77 16
78 16
79 15
78 15
79 16
78 16
77 15
78 15
77 16
76 16
77 15
79 20
80 21
81 21
82 22
81 22
80 23
81 23
80 22
81 22
82 23
81 23
82 22
81 22
82 21
81 21
80 22
81 22
80 21
81 21
80 20
81 20
80 21
79 21
80 20
80 21
79 22
80 22
79 21
79 22
78 23
79 23
78 24
79 24
80 25
79 25
80 24
79 24
78 25
79 25
78 24
79 24
78 23
79 23
78 22
79 22
80 23
79 23
80 22
80 23
79 24
80 24
79 23
80 23
81 24
80 24
81 23
98 28
99 29
98 29
99 28
92 24
93 25
92 25
93 24
90 28
89 29
88 29
87 30
86 30
85 31
86 31
85 30
86 30
87 31
88 31
89 30
90 30
89 29
90 29
89 30
90 30
89 31
90 31
89 32
90 32
89 31
90 31
89 30
88 30
89 31
88 31
87 30
88 30
87 31
86 31
87 30
86 30
87 29
86 29
87 30
88 30
87 29
88 29
89 30
88 30
89 29
88 29
89 28
88 28
89 29
90 29
89 28
90 28
91 29
92 29
93 28
94 28
95 29
96 29
95 30
94 30
93 31
92 31
93 32
94 32
95 31
96 31
97 32
96 32
97 31
96 31
97 30
96 30
97 29
96 29
97 30
96 30
97 31
96 31
95 30
96 30
95 31
96 31
95 32
96 32
95 31
94 31
95 32
94 32
93 31
94 31
93 32
92 32
93 31
92 31
93 30
92 30
91 29
92 29
91 30
92 30
93 29
92 29
93 30
92 30
93 31
94 31
93 30
94 30
95 31
94 31
95 30
94 30
95 29
94 29
95 30
96 30
95 29
96 29
95 28
96 28
95 29
94 29
95 28
94 28
93 29
94 29
93 28
92 28
93 29
92 29
91 28
92 28
91 29
90 29
91 28
91 29
90 30
91 30
90 29
90 30
91 31
90 31
91 30
92 30
91 31
92 31
91 30
91 31
92 32
91 32
92 31
92 50
93 51
92 51
93 50
92 41
93 42
92 42
93 41
87 45
88 46
87 46
88 45
91 48
92 49
91 49
92 48
92 49
91 50
92 50
91 49
90 63
91 64
90 64
91 63
95 69
96 70
95 70
96 69
89 64
90 65
89 65
90 64
70 61
71 62
70 62
71 61
70 61
69 62
70 62
69 61
69 60
70 61
69 61
70 60
69 60
68 61
69 61
68 60
65 63
66 64
65 64
66 63
66 62
67 63
68 63
69 62
68 62
69 63
68 63
67 64
68 64
67 63
68 63
67 62
68 62
67 61
68 61
67 62
68 62
67 63
66 63
67 62
55 92
56 93
55 93
56 92
49 89
50 88
49 88
50 89
49 89
50 90
49 90
50 89
49 89
48 90
49 90
48 89
47 89
48 90
47 90
48 89
48 90
47 91
48 91
47 90
46 90
47 91
46 91
47 90
43 88
44 89
43 89
44 88
40 83
39 84
40 84
39 83
40 83
41 82
40 82
41 83
40 83
41 84
40 84
41 83
46 78
47 79
46 79
47 78
42 83
43 84
42 84
43 83
38 82
39 83
38 83
39 82
37 78
38 77
39 77
38 78
39 78
38 79
39 79
38 78
39 78
38 77
37 77
38 78
37 78
38 79
37 79
38 78
39 81
40 82
39 82
40 81
52 85
53 86
52 86
53 85
56 82
57 83
56 83
57 82
52 79
51 78
52 78
51 79
52 79
51 80
50 80
49 81
50 81
51 82
50 82
51 81
50 81
49 82
48 82
47 83
48 83
49 84
48 84
49 83
48 83
47 84
46 84
47 85
48 85
47 84
48 84
47 85
46 85
47 84
46 84
47 83
46 83
47 84
48 84
47 83
48 83
47 82
48 82
49 83
48 83
49 82
48 82
49 81
48 81
49 82
50 82
49 81
50 81
49 80
50 80
51 81
52 81
51 80
52 80
51 81
50 81
51 80
50 80
51 79
50 79
51 80
52 80
51 79
52 79
53 80
52 80
53 79
53 78
52 79
53 79
52 78
52 77
53 78
52 78
53 77
54 77
53 78
54 78
53 77
53 76
54 77
53 77
54 76
55 76
54 77
55 77
54 76
55 75
56 76
55 76
56 75
56 74
55 75
56 75
55 74
56 73
57 74
58 74
57 73
58 73
57 74
56 74
57 73
57 72
56 73
57 73
56 72
57 72
58 73
59 73
58 72
59 72
58 73
57 73
58 72
58 71
57 72
58 72
57 71
57 62
58 63
57 63
58 62
60 68
61 69
60 69
59 70
60 70
59 71
58 71
59 70
58 70
59 71
60 71
59 72
60 72
59 71
60 71
59 70
60 70
59 69
60 69
61 70
62 70
61 69
62 69
61 70
60 70
61 69
60 69
61 68
62 68
63 69
62 69
63 68
62 68
61 69
62 69
61 68
61 67
62 68
61 68
62 67
63 67
64 68
63 68
64 67
63 67
62 68
63 68
62 67
62 66
63 67
62 67
63 66
64 66
65 67
64 67
65 66
64 66
63 67
64 67
63 66
63 65
64 66
63 66
64 65
65 65
64 66
65 66
64 65
65 65
66 66
65 66
66 65
66 64
67 65
66 65
67 64
r
90 49
91 50
90 50
91 49
83 50
84 51
83 51
84 50
78 55
79 56
78 56
79 55
74 50
75 51
74 51
75 50
74 50
73 51
74 51
73 50
73 49
74 50
73 50
74 49
74 46
75 47
74 47
75 46
78 38
79 39
78 39
79 38
73 41
74 40
73 40
74 39
73 39
74 38
73 38
74 37
73 37
74 38
73 38
74 39
73 39
74 40
73 40
74 41
73 41
74 42
73 42
72 43
71 43
70 42
71 42
70 43
71 43
72 42
71 42
72 41
71 41
70 40
71 40
70 39
71 39
72 40
71 40
72 39
71 39
72 38
71 38
72 37
71 37
72 38
71 38
72 39
71 39
70 38
71 38
70 39
71 39
70 40
71 40
70 41
71 41
72 40
71 40
72 41
71 41
72 42
71 42
72 43
73 43
74 44
73 44
74 45
73 45
74 44
73 44
74 43
73 43
72 44
73 44
72 43
73 43
72 42
73 42
74 43
73 43
74 42
73 42
74 41
73 41
72 42
73 42
72 41
72 40
73 41
72 41
73 40
73 39
72 40
73 40
72 39
72 38
73 39
72 39
73 38
73 37
72 38
73 38
72 37
70 35
71 36
70 36
71 35
69 31
70 30
71 30
70 31
71 31
70 32
71 32
70 31
71 31
70 30
69 30
70 31
69 31
70 32
69 32
70 31
71 33
72 34
73 34
72 35
71 35
72 34
71 34
72 35
73 35
72 34
73 34
72 33
73 33
72 34
71 34
72 33
72 28
73 29
72 29
73 28
72 26
73 27
72 27
73 26
73 25
72 26
73 26
72 25
49 37
50 38
49 38
50 37
49 37
48 38
49 38
48 37
46 36
47 37
46 37
47 36
33 28
34 29
33 29
34 28
45 35
46 36
45 36
46 35
35 33
36 34
35 34
36 33
36 30
35 29
34 29
35 30
34 30
35 29
36 29
35 28
36 28
35 29
36 29
35 30
36 30
37 29
36 29
37 30
36 30
37 31
36 31
37 30
48 61
49 62
48 62
49 63
48 63
49 62
48 62
49 61
60 67
61 68
60 68
61 67
53 68
54 69
53 69
54 68
50 70
51 71
50 71
51 70
52 72
53 73
52 73
53 72
54 72
55 73
54 73
55 72
54 72
53 73
54 73
53 72
53 73
54 74
53 74
54 73
54 74
53 75
54 75
53 74
51 76
52 77
51 77
52 76
47 69
48 70
47 70
48 69
45 72
46 73
45 73
46 72
43 70
42 69
43 69
42 68
43 68
42 69
43 69
42 70
43 70
42 71
43 71
42 70
43 70
44 71
43 71
44 70
44 69
45 70
46 70
45 69
46 69
45 70
44 70
45 69
44 69
43 70
44 70
43 69
43 68
44 69
43 69
44 68
44 67
45 68
44 68
45 67
44 67
43 68
44 68
43 67
47 63
48 64
47 64
48 63
49 63
50 64
49 64
50 63
52 63
53 64
52 64
53 63
50 64
51 65
50 65
51 66
50 66
51 65
50 65
51 64
62 60
63 61
62 61
63 60
59 66
60 67
59 67
60 66
71 63
72 64
73 64
72 63
73 63
72 64
71 64
72 63
69 67
68 68
69 68
68 69
69 69
68 68
69 68
68 67
69 67
70 68
69 68
70 67
70 68
69 69
70 69
69 68
71 68
72 69
71 69
72 68
75 67
76 68
75 68
76 67
73 69
74 70
73 70
74 69
74 70
75 71
74 71
75 70
74 70
73 71
74 71
73 70
73 71
74 72
73 72
74 71
74 72
75 73
74 73
75 72
76 72
75 71
76 71
75 72
76 72
75 73
76 73
75 74
76 74
75 73
76 73
75 72
76 72
77 73
76 73
77 72
86 64
87 63
86 63
87 64
86 64
87 65
86 65
87 64
88 64
87 65
88 65
87 64
88 64
89 63
90 63
89 64
90 64
89 63
88 63
89 64
88 64
89 65
88 65
89 64
89 65
88 66
89 66
88 65
89 65
90 66
89 66
90 65
91 63
92 64
91 64
92 63
96 64
97 65
96 65
97 64
93 65
94 64
93 64
94 63
93 63
94 64
93 64
94 65
93 65
94 66
93 66
94 65
93 65
92 66
93 66
92 65
92 64
93 65
92 65
93 64
s
18 91
19 92
18 92
19 91
30 95
31 96
30 96
31 95
26 86
27 87
26 87
27 86
34 85
35 86
34 86
35 85
34 76
35 77
34 77
35 76
38 85
39 86
40 86
39 85
40 85
39 86
38 86
39 85
39 86
38 87
39 87
38 86
39 86
40 87
41 87
40 88
41 88
40 87
41 87
40 86
41 86
40 87
39 87
40 86
40 87
39 88
40 88
39 87
41 91
42 92
41 92
42 91
42 92
41 93
42 93
41 92
42 92
43 93
44 93
43 94
44 94
43 93
44 93
43 92
44 92
43 93
42 93
43 92
43 93
42 94
43 94
42 93
42 94
43 95
42 95
43 94
44 94
43 95
44 95
43 94
48 98
49 99
48 99
49 98
46 89
47 90
46 90
47 89
45 98
46 99
45 99
46 98
63 88
64 89
63 89
64 88
57 83
58 84
57 84
58 83
64 84
65 85
64 85
65 84
66 78
67 79
66 79
67 78
73 82
74 83
73 83
74 82
76 75
77 76
76 76
77 75
72 81
73 82
72 82
73 81
96 70
97 71
96 71
97 70
98 70
99 69
98 69
99 70
98 70
99 71
98 71
97 72
98 72
99 73
98 73
99 72
98 72
97 73
98 73
97 72
98 72
97 71
98 71
99 72
98 72
99 71
98 71
99 70
98 70
97 71
98 71
97 70
97 69
98 70
97 70
98 69
98 68
97 69
98 69
97 68
97 67
98 68
97 68
98 67
99 67
98 68
99 68
98 67
98 66
99 67
98 67
99 66
99 65
98 66
99 66
98 65
98 64
99 63
98 63
99 64
98 64
99 65
98 65
99 64
98 64
97 65
98 65
97 64
97 63
98 64
97 64
98 63
77 31
78 32
77 32
78 31
73 27
74 28
73 28
74 27
77 29
78 30
77 30
78 29
82 8
83 9
82 9
83 8
72 12
73 13
72 13
73 12
67 15
68 16
67 16
68 15
61 22
62 23
61 23
62 22
65 24
66 25
65 25
66 24
59 24
60 25
59 25
60 24
53 26
54 27
53 27
54 26
51 22
52 23
51 23
52 22
52 21
51 22
52 22
51 21
47 19
48 20
47 20
48 19
48 18
49 17
48 17
49 18
48 18
47 17
48 17
47 18
48 18
47 19
48 19
47 18
46 18
47 19
46 19
47 18
43 19
44 20
43 20
44 19
45 19
46 20
45 20
46 19
25 6
26 7
25 7
26 6
26 5
25 6
26 6
25 5
27 3
28 4
27 4
28 3
25 1
26 2
25 2
26 1
25 1
24 2
25 2
24 1
24 3
25 4
26 4
25 3
26 3
25 4
24 4
25 3
25 4
24 5
25 5
24 4
1 52
2 53
1 53
2 52
19 46
20 47
19 47
20 46
17 39
18 40
17 40
18 39
24 34
25 35
24 35
25 34
28 22
29 23
28 23
29 22
26 8
27 7
26 7
27 8
26 8
27 9
26 9
27 8
9 80
10 81
9 81
10 80
19 81
20 82
19 82
20 81
25 76
26 77
25 77
26 76
32 73
33 74
34 74
35 75
34 75
35 74
34 74
33 75
34 75
33 76
34 76
33 75
34 75
33 74
34 74
33 73
34 73
33 74
32 74
33 73
31 62
32 63
31 63
32 62
34 54
35 55
34 55
35 54
39 53
40 54
39 54
40 53
30 51
31 52
30 52
31 51
21 49
22 48
21 48
22 49
21 49
22 50
21 50
22 49
21 49
20 50
21 50
20 49
20 48
21 49
20 49
21 48
21 47
20 48
21 48
20 47
18 43
19 44
18 44
19 43
19 42
18 43
19 43
18 42
22 34
23 35
22 35
23 34
26 26
27 27
26 27
27 26
27 21
28 22
27 22
28 21
37 15
38 16
37 16
38 17
37 17
38 16
37 16
38 15
38 14
39 15
40 15
41 16
42 16
43 15
44 15
43 16
44 16
43 17
42 17
41 16
40 16
39 17
40 17
41 18
42 18
41 19
42 19
41 18
42 18
43 19
42 19
43 18
42 18
43 17
44 17
45 16
44 16
45 17
44 17
45 18
46 18
45 17
46 17
45 18
44 18
45 19
44 19
45 18
44 18
45 17
44 17
43 18
44 18
43 17
42 17
43 18
42 18
41 17
42 17
41 18
40 18
41 17
40 17
39 18
38 18
39 17
38 17
39 18
40 18
39 17
40 17
39 16
40 16
41 17
40 17
41 16
42 16
41 17
42 17
43 16
42 16
43 17
44 17
43 16
44 16
43 15
42 15
43 16
42 16
41 15
42 15
41 16
40 16
41 15
40 15
39 16
40 16
39 15
40 15
39 14
40 14
39 15
38 15
39 14
38 14
37 15
38 15
37 14
t
98 61
99 62
98 62
99 61
77 24
78 25
77 25
78 24
80 38
81 39
80 39
81 38
78 44
79 45
78 45
79 44
70 50
71 51
70 51
71 50
65 53
66 54
65 54
66 53
66 54
65 55
66 55
65 54
64 54
65 55
64 55
65 54
62 51
61 50
62 50
61 49
62 49
61 50
62 50
61 51
62 51
63 50
62 50
63 51
62 51
63 52
62 52
63 51
63 56
64 57
63 57
64 56
64 52
63 53
64 53
63 52
64 52
65 51
64 51
65 50
64 50
63 49
64 49
65 48
64 48
65 49
64 49
63 48
62 48
63 49
62 49
63 48
64 48
63 49
64 49
63 50
64 50
65 49
64 49
65 50
64 50
65 51
64 51
65 52
64 52
65 53
64 53
65 52
63 62
64 63
63 63
64 62
64 63
65 64
64 64
65 63
64 63
63 64
64 64
63 63
62 63
63 64
62 64
63 65
62 65
63 64
62 64
63 63
44 53
45 54
44 54
45 53
42 47
43 48
42 48
43 47
40 45
41 46
40 46
41 45
39 43
40 44
39 44
40 43
42 9
43 10
42 10
43 9
44 7
45 8
44 8
45 7
30 10
31 11
30 11
31 10
34 19
35 20
34 20
35 19
43 18
44 19
43 19
44 18
50 15
51 16
50 16
51 15
50 22
51 23
50 23
51 22
47 16
48 17
47 17
48 16
44 10
45 11
44 11
45 10
61 8
62 9
61 9
62 8
62 19
63 20
62 20
63 19
69 24
70 25
69 25
70 24
63 28
64 29
63 29
64 28
60 33
61 34
60 34
61 33
61 34
62 35
61 35
62 36
61 36
62 35
61 35
62 34
61 34
60 35
61 35
60 34
60 35
59 36
58 36
59 37
60 37
59 36
60 36
59 37
58 37
59 36
58 36
59 35
58 35
59 34
58 34
59 35
58 35
59 36
60 36
59 35
60 35
61 36
60 36
61 35
61 36
60 37
61 37
60 36
61 36
62 37
61 37
62 36
62 37
61 38
62 38
61 37
60 43
61 44
60 44
61 43
61 44
60 45
61 45
60 44
61 44
62 45
61 45
62 44
62 45
61 46
62 46
61 45
61 46
62 47
61 47
62 46
61 46
60 47
61 47
60 46
52 50
53 51
52 51
53 50
60 51
61 52
60 52
61 51
58 64
59 65
58 65
59 64
59 65
58 66
57 66
58 65
57 65
58 66
59 66
58 65
58 66
59 67
58 67
59 66
59 67
58 68
59 68
58 69
59 69
58 68
59 68
58 67
59 67
60 68
59 68
60 67
66 65
67 66
66 66
67 65
60 66
61 67
60 67
61 66
56 67
55 68
54 68
55 67
54 67
55 68
56 68
55 67
56 67
57 66
56 66
57 67
56 67
57 68
56 68
57 67
57 68
56 69
57 69
56 68
52 76
53 77
52 77
53 76
59 80
60 81
59 81
60 80
57 77
56 78
55 78
54 77
55 77
54 78
55 78
56 77
55 77
56 76
57 76
56 77
57 77
56 76
55 76
56 77
55 77
56 78
57 78
56 77
57 77
58 78
57 78
58 77
59 77
60 78
59 78
60 77
59 77
58 78
59 78
58 77
58 76
59 77
58 77
59 76
60 76
61 75
60 75
61 76
60 76
59 75
60 75
59 74
58 74
57 75
58 75
57 74
58 74
59 75
58 75
59 74
60 74
59 75
60 75
59 76
60 76
59 77
60 77
59 76
60 76
61 77
60 77
61 76
62 76
61 77
62 77
61 76
66 79
67 80
66 80
67 79
68 79
69 78
70 78
69 79
70 79
69 78
68 78
69 79
68 79
67 78
68 78
67 79
68 79
67 80
68 80
67 79
68 79
69 80
68 80
69 79
69 80
70 81
71 81
70 82
69 82
70 83
71 83
70 82
71 82
70 83
69 83
70 82
69 82
70 81
69 81
70 82
71 82
70 81
71 81
70 80
71 80
70 81
69 81
70 80
69 80
68 81
69 81
68 80
68 81
67 82
68 82
67 83
68 83
67 82
68 82
67 81
68 81
69 82
68 82
69 81
69 82
68 83
69 83
68 82
68 83
69 84
68 84
69 83
68 89
69 90
68 90
69 89
69 90
68 91
69 91
68 90
69 90
70 91
69 91
70 90
70 91
69 92
70 92
69 91
70 91
71 92
70 92
71 91
72 91
71 92
72 92
71 91
83 84
84 85
83 85
84 84
85 67
86 68
85 68
86 67
77 64
78 65
77 65
78 64
74 71
75 72
74 72
75 71
69 74
70 75
69 75
70 76
69 76
70 75
69 75
70 74
69 74
68 73
69 73
68 74
69 74
68 75
69 75
68 74
67 74
68 75
67 75
68 74
68 73
67 72
66 72
67 71
66 71
67 70
68 70
69 69
68 69
69 70
68 70
69 71
68 71
69 70
68 70
67 71
68 71
67 70
66 70
65 69
64 69
65 68
64 68
65 67
66 67
65 66
66 66
65 67
66 67
65 68
66 68
67 69
68 69
67 68
68 68
67 67
68 67
67 66
68 66
67 67
68 67
67 68
68 68
67 69
66 69
67 68
66 68
65 69
66 69
65 68
66 68
65 67
64 67
65 68
64 68
65 69
64 69
65 70
64 70
65 69
66 69
65 70
66 70
67 69
66 69
67 70
66 70
67 71
66 71
67 72
66 72
65 71
66 71
65 72
66 72
65 73
64 73
65 74
64 74
65 75
64 75
65 76
64 76
65 75
64 75
65 74
64 74
65 73
64 73
65 72
64 72
65 73
66 73
65 72
66 72
67 73
66 73
67 72
68 72
67 73
68 73
67 74
68 74
67 73
66 73
67 74
66 74
67 73
66 73
65 74
66 74
65 73
65 74
66 75
65 75
66 74
66 75
65 76
66 76
65 75
68 85
69 86
70 86
71 85
70 85
71 86
70 86
69 85
70 85
69 86
68 86
69 85
69 86
68 87
69 87
68 86
69 86
70 87
69 87
70 88
71 88
72 89
71 89
72 88
71 88
72 87
71 87
72 88
71 88
70 87
71 87
70 88
69 88
70 87
69 87
70 86
71 86
70 87
71 87
70 86
71 86
72 87
71 87
72 86
82 80
83 81
82 81
83 80
83 82
84 83
83 83
84 82
94 91
95 92
94 92
95 91
89 87
90 88
89 88
90 87
91 81
92 82
91 82
92 81
91 73
92 74
91 74
92 73
91 65
92 66
91 66
92 65
86 65
87 66
86 66
87 65
97 62
98 63
97 63
98 62
